# JRE version: OpenJDK Runtime Environment (8.0_242-b01) (build 1.8.0_242-release-1644-b01)
# Java VM: OpenJDK 64-Bit Server VM (25.242-b01 mixed mode windows-amd64 compressed oops)
Heap:
 PSYoungGen      total 541696K, used 83859K [0x00000000d5580000, 0x00000000ff280000, 0x0000000100000000)
  eden space 398336K, 19% used [0x00000000d5580000,0x00000000da25e798,0x00000000eda80000)
  from space 143360K, 3% used [0x00000000f6300000,0x00000000f68066f8,0x00000000fef00000)
  to   space 139776K, 0% used [0x00000000eda80000,0x00000000eda80000,0x00000000f6300000)
 ParOldGen       total 328192K, used 195793K [0x0000000080000000, 0x0000000094080000, 0x00000000d5580000)
  object space 328192K, 59% used [0x0000000080000000,0x000000008bf34660,0x0000000094080000)
 Metaspace       used 125539K, capacity 133928K, committed 140696K, reserved 1171456K
  class space    used 15895K, capacity 17339K, committed 18608K, reserved 1048576K
GC Heap History (10 events):
Event: 4274.706 GC heap before
{Heap before GC invocations=67 (full 7):
 PSYoungGen      total 377344K, used 377127K [0x00000000d5580000, 0x00000000ff680000, 0x0000000100000000)
  eden space 355328K, 100% used [0x00000000d5580000,0x00000000eb080000,0x00000000eb080000)
  from space 22016K, 99% used [0x00000000eb080000,0x00000000ec5c9f80,0x00000000ec600000)
  to   space 165376K, 0% used [0x00000000f5500000,0x00000000f5500000,0x00000000ff680000)
 ParOldGen       total 328192K, used 145789K [0x0000000080000000, 0x0000000094080000, 0x00000000d5580000)
  object space 328192K, 44% used [0x0000000080000000,0x0000000088e5f538,0x0000000094080000)
 Metaspace       used 125426K, capacity 133792K, committed 140696K, reserved 1171456K
  class space    used 15888K, capacity 17329K, committed 18608K, reserved 1048576K
Event: 4274.734 GC heap after
Heap after GC invocations=67 (full 7):
 PSYoungGen      total 528896K, used 20864K [0x00000000d5580000, 0x0000000100000000, 0x0000000100000000)
  eden space 363520K, 0% used [0x00000000d5580000,0x00000000d5580000,0x00000000eb880000)
  from space 165376K, 12% used [0x00000000f5500000,0x00000000f69600e8,0x00000000ff680000)
  to   space 160256K, 0% used [0x00000000eb880000,0x00000000eb880000,0x00000000f5500000)
 ParOldGen       total 328192K, used 156691K [0x0000000080000000, 0x0000000094080000, 0x00000000d5580000)
  object space 328192K, 47% used [0x0000000080000000,0x0000000089904d50,0x0000000094080000)
 Metaspace       used 125426K, capacity 133792K, committed 140696K, reserved 1171456K
  class space    used 15888K, capacity 17329K, committed 18608K, reserved 1048576K
}
Event: 4275.217 GC heap before
{Heap before GC invocations=68 (full 7):
 PSYoungGen      total 528896K, used 384384K [0x00000000d5580000, 0x0000000100000000, 0x0000000100000000)
  eden space 363520K, 100% used [0x00000000d5580000,0x00000000eb880000,0x00000000eb880000)
  from space 165376K, 12% used [0x00000000f5500000,0x00000000f69600e8,0x00000000ff680000)
  to   space 160256K, 0% used [0x00000000eb880000,0x00000000eb880000,0x00000000f5500000)
 ParOldGen       total 328192K, used 156691K [0x0000000080000000, 0x0000000094080000, 0x00000000d5580000)
  object space 328192K, 47% used [0x0000000080000000,0x0000000089904d50,0x0000000094080000)
 Metaspace       used 125451K, capacity 133876K, committed 140696K, reserved 1171456K
  class space    used 15889K, capacity 17331K, committed 18608K, reserved 1048576K
Event: 4275.234 GC heap after
Heap after GC invocations=68 (full 7):
 PSYoungGen      total 523776K, used 14550K [0x00000000d5580000, 0x00000000ff200000, 0x0000000100000000)
  eden space 363520K, 0% used [0x00000000d5580000,0x00000000d5580000,0x00000000eb880000)
  from space 160256K, 9% used [0x00000000eb880000,0x00000000ec6b5820,0x00000000f5500000)
  to   space 155648K, 0% used [0x00000000f5a00000,0x00000000f5a00000,0x00000000ff200000)
 ParOldGen       total 328192K, used 163684K [0x0000000080000000, 0x0000000094080000, 0x00000000d5580000)
  object space 328192K, 49% used [0x0000000080000000,0x0000000089fd93b0,0x0000000094080000)
 Metaspace       used 125451K, capacity 133876K, committed 140696K, reserved 1171456K
  class space    used 15889K, capacity 17331K, committed 18608K, reserved 1048576K
}
Event: 4276.608 GC heap before
{Heap before GC invocations=69 (full 7):
 PSYoungGen      total 523776K, used 378070K [0x00000000d5580000, 0x00000000ff200000, 0x0000000100000000)
  eden space 363520K, 100% used [0x00000000d5580000,0x00000000eb880000,0x00000000eb880000)
  from space 160256K, 9% used [0x00000000eb880000,0x00000000ec6b5820,0x00000000f5500000)
  to   space 155648K, 0% used [0x00000000f5a00000,0x00000000f5a00000,0x00000000ff200000)
 ParOldGen       total 328192K, used 163684K [0x0000000080000000, 0x0000000094080000, 0x00000000d5580000)
  object space 328192K, 49% used [0x0000000080000000,0x0000000089fd93b0,0x0000000094080000)
 Metaspace       used 125532K, capacity 133926K, committed 140696K, reserved 1171456K
  class space    used 15895K, capacity 17338K, committed 18608K, reserved 1048576K
Event: 4276.654 GC heap after
Heap after GC invocations=69 (full 7):
 PSYoungGen      total 532992K, used 20632K [0x00000000d5580000, 0x00000000ff080000, 0x0000000100000000)
  eden space 378880K, 0% used [0x00000000d5580000,0x00000000d5580000,0x00000000ec780000)
  from space 154112K, 13% used [0x00000000f5a00000,0x00000000f6e26148,0x00000000ff080000)
  to   space 150016K, 0% used [0x00000000ec780000,0x00000000ec780000,0x00000000f5a00000)
 ParOldGen       total 328192K, used 169484K [0x0000000080000000, 0x0000000094080000, 0x00000000d5580000)
  object space 328192K, 51% used [0x0000000080000000,0x000000008a583150,0x0000000094080000)
 Metaspace       used 125532K, capacity 133926K, committed 140696K, reserved 1171456K
  class space    used 15895K, capacity 17338K, committed 18608K, reserved 1048576K
}
Event: 4277.343 GC heap before
{Heap before GC invocations=70 (full 7):
 PSYoungGen      total 532992K, used 399512K [0x00000000d5580000, 0x00000000ff080000, 0x0000000100000000)
  eden space 378880K, 100% used [0x00000000d5580000,0x00000000ec780000,0x00000000ec780000)
  from space 154112K, 13% used [0x00000000f5a00000,0x00000000f6e26148,0x00000000ff080000)
  to   space 150016K, 0% used [0x00000000ec780000,0x00000000ec780000,0x00000000f5a00000)
 ParOldGen       total 328192K, used 169484K [0x0000000080000000, 0x0000000094080000, 0x00000000d5580000)
  object space 328192K, 51% used [0x0000000080000000,0x000000008a583150,0x0000000094080000)
 Metaspace       used 125537K, capacity 133928K, committed 140696K, reserved 1171456K
  class space    used 15895K, capacity 17339K, committed 18608K, reserved 1048576K
Event: 4277.400 GC heap after
Heap after GC invocations=70 (full 7):
 PSYoungGen      total 528896K, used 22225K [0x00000000d5580000, 0x00000000fef00000, 0x0000000100000000)
  eden space 378880K, 0% used [0x00000000d5580000,0x00000000d5580000,0x00000000ec780000)
  from space 150016K, 14% used [0x00000000ec780000,0x00000000edd345d0,0x00000000f5a00000)
  to   space 143360K, 0% used [0x00000000f6300000,0x00000000f6300000,0x00000000fef00000)
 ParOldGen       total 328192K, used 178984K [0x0000000080000000, 0x0000000094080000, 0x00000000d5580000)
  object space 328192K, 54% used [0x0000000080000000,0x000000008aeca3b8,0x0000000094080000)
 Metaspace       used 125537K, capacity 133928K, committed 140696K, reserved 1171456K
  class space    used 15895K, capacity 17339K, committed 18608K, reserved 1048576K
}
Event: 4278.011 GC heap before
{Heap before GC invocations=71 (full 7):
 PSYoungGen      total 528896K, used 401105K [0x00000000d5580000, 0x00000000fef00000, 0x0000000100000000)
  eden space 378880K, 100% used [0x00000000d5580000,0x00000000ec780000,0x00000000ec780000)
  from space 150016K, 14% used [0x00000000ec780000,0x00000000edd345d0,0x00000000f5a00000)
  to   space 143360K, 0% used [0x00000000f6300000,0x00000000f6300000,0x00000000fef00000)
 ParOldGen       total 328192K, used 178984K [0x0000000080000000, 0x0000000094080000, 0x00000000d5580000)
  object space 328192K, 54% used [0x0000000080000000,0x000000008aeca3b8,0x0000000094080000)
 Metaspace       used 125539K, capacity 133928K, committed 140696K, reserved 1171456K
  class space    used 15895K, capacity 17339K, committed 18608K, reserved 1048576K
Event: 4278.030 GC heap after
Heap after GC invocations=71 (full 7):
 PSYoungGen      total 541696K, used 5145K [0x00000000d5580000, 0x00000000ff280000, 0x0000000100000000)
  eden space 398336K, 0% used [0x00000000d5580000,0x00000000d5580000,0x00000000eda80000)
  from space 143360K, 3% used [0x00000000f6300000,0x00000000f68066f8,0x00000000fef00000)
  to   space 139776K, 0% used [0x00000000eda80000,0x00000000eda80000,0x00000000f6300000)
 ParOldGen       total 328192K, used 195793K [0x0000000080000000, 0x0000000094080000, 0x00000000d5580000)
  object space 328192K, 59% used [0x0000000080000000,0x000000008bf34660,0x0000000094080000)
 Metaspace       used 125539K, capacity 133928K, committed 140696K, reserved 1171456K
  class space    used 15895K, capacity 17339K, committed 18608K, reserved 1048576K
}

