# JRE version: OpenJDK Runtime Environment (8.0_242-b01) (build 1.8.0_242-release-1644-b01)
# Java VM: OpenJDK 64-Bit Server VM (25.242-b01 mixed mode windows-amd64 compressed oops)
Heap:
 PSYoungGen      total 234496K, used 19152K [0x00000000d5580000, 0x00000000e6580000, 0x0000000100000000)
  eden space 214528K, 8% used [0x00000000d5580000,0x00000000d6834330,0x00000000e2700000)
  from space 19968K, 0% used [0x00000000e3a80000,0x00000000e3a80000,0x00000000e4e00000)
  to   space 19968K, 0% used [0x00000000e2700000,0x00000000e2700000,0x00000000e3a80000)
 ParOldGen       total 115200K, used 33356K [0x0000000080000000, 0x0000000087080000, 0x00000000d5580000)
  object space 115200K, 28% used [0x0000000080000000,0x00000000820930e0,0x0000000087080000)
 Metaspace       used 58102K, capacity 60462K, committed 60824K, reserved 1103872K
  class space    used 8012K, capacity 8510K, committed 8624K, reserved 1048576K
GC Heap History (10 events):
Event: 4.275 GC heap before
{Heap before GC invocations=11 (full 2):
 PSYoungGen      total 140288K, used 11249K [0x00000000d5580000, 0x00000000e2800000, 0x0000000100000000)
  eden space 129024K, 0% used [0x00000000d5580000,0x00000000d5580000,0x00000000dd380000)
  from space 11264K, 99% used [0x00000000dd380000,0x00000000dde7c4e0,0x00000000dde80000)
  to   space 12800K, 0% used [0x00000000e1b80000,0x00000000e1b80000,0x00000000e2800000)
 ParOldGen       total 47616K, used 6970K [0x0000000080000000, 0x0000000082e80000, 0x00000000d5580000)
  object space 47616K, 14% used [0x0000000080000000,0x00000000806ce8b0,0x0000000082e80000)
 Metaspace       used 34331K, capacity 35420K, committed 35496K, reserved 1079296K
  class space    used 4724K, capacity 5003K, committed 5040K, reserved 1048576K
Event: 4.370 GC heap after
Heap after GC invocations=11 (full 2):
 PSYoungGen      total 140288K, used 0K [0x00000000d5580000, 0x00000000e2800000, 0x0000000100000000)
  eden space 129024K, 0% used [0x00000000d5580000,0x00000000d5580000,0x00000000dd380000)
  from space 11264K, 0% used [0x00000000dd380000,0x00000000dd380000,0x00000000dde80000)
  to   space 12800K, 0% used [0x00000000e1b80000,0x00000000e1b80000,0x00000000e2800000)
 ParOldGen       total 73728K, used 17479K [0x0000000080000000, 0x0000000084800000, 0x00000000d5580000)
  object space 73728K, 23% used [0x0000000080000000,0x0000000081111c18,0x0000000084800000)
 Metaspace       used 34331K, capacity 35420K, committed 35496K, reserved 1079296K
  class space    used 4724K, capacity 5003K, committed 5040K, reserved 1048576K
}
Event: 5.234 GC heap before
{Heap before GC invocations=12 (full 2):
 PSYoungGen      total 140288K, used 129024K [0x00000000d5580000, 0x00000000e2800000, 0x0000000100000000)
  eden space 129024K, 100% used [0x00000000d5580000,0x00000000dd380000,0x00000000dd380000)
  from space 11264K, 0% used [0x00000000dd380000,0x00000000dd380000,0x00000000dde80000)
  to   space 12800K, 0% used [0x00000000e1b80000,0x00000000e1b80000,0x00000000e2800000)
 ParOldGen       total 73728K, used 17499K [0x0000000080000000, 0x0000000084800000, 0x00000000d5580000)
  object space 73728K, 23% used [0x0000000080000000,0x0000000081116d20,0x0000000084800000)
 Metaspace       used 39561K, capacity 41312K, committed 41384K, reserved 1085440K
  class space    used 5456K, capacity 5792K, committed 5808K, reserved 1048576K
Event: 5.241 GC heap after
Heap after GC invocations=12 (full 2):
 PSYoungGen      total 178688K, used 10149K [0x00000000d5580000, 0x00000000e2580000, 0x0000000100000000)
  eden space 168448K, 0% used [0x00000000d5580000,0x00000000d5580000,0x00000000dfa00000)
  from space 10240K, 99% used [0x00000000e1b80000,0x00000000e25695e8,0x00000000e2580000)
  to   space 13312K, 0% used [0x00000000e0b80000,0x00000000e0b80000,0x00000000e1880000)
 ParOldGen       total 73728K, used 17507K [0x0000000080000000, 0x0000000084800000, 0x00000000d5580000)
  object space 73728K, 23% used [0x0000000080000000,0x0000000081118d20,0x0000000084800000)
 Metaspace       used 39561K, capacity 41312K, committed 41384K, reserved 1085440K
  class space    used 5456K, capacity 5792K, committed 5808K, reserved 1048576K
}
Event: 7.545 GC heap before
{Heap before GC invocations=13 (full 2):
 PSYoungGen      total 178688K, used 178597K [0x00000000d5580000, 0x00000000e2580000, 0x0000000100000000)
  eden space 168448K, 100% used [0x00000000d5580000,0x00000000dfa00000,0x00000000dfa00000)
  from space 10240K, 99% used [0x00000000e1b80000,0x00000000e25695e8,0x00000000e2580000)
  to   space 13312K, 0% used [0x00000000e0b80000,0x00000000e0b80000,0x00000000e1880000)
 ParOldGen       total 73728K, used 17507K [0x0000000080000000, 0x0000000084800000, 0x00000000d5580000)
  object space 73728K, 23% used [0x0000000080000000,0x0000000081118d20,0x0000000084800000)
 Metaspace       used 54664K, capacity 56938K, committed 57128K, reserved 1097728K
  class space    used 7459K, capacity 7925K, committed 7984K, reserved 1048576K
Event: 7.567 GC heap after
Heap after GC invocations=13 (full 2):
 PSYoungGen      total 199680K, used 13300K [0x00000000d5580000, 0x00000000e4e00000, 0x0000000100000000)
  eden space 186368K, 0% used [0x00000000d5580000,0x00000000d5580000,0x00000000e0b80000)
  from space 13312K, 99% used [0x00000000e0b80000,0x00000000e187d300,0x00000000e1880000)
  to   space 19968K, 0% used [0x00000000e3a80000,0x00000000e3a80000,0x00000000e4e00000)
 ParOldGen       total 73728K, used 30859K [0x0000000080000000, 0x0000000084800000, 0x00000000d5580000)
  object space 73728K, 41% used [0x0000000080000000,0x0000000081e22e60,0x0000000084800000)
 Metaspace       used 54664K, capacity 56938K, committed 57128K, reserved 1097728K
  class space    used 7459K, capacity 7925K, committed 7984K, reserved 1048576K
}
Event: 7.933 GC heap before
{Heap before GC invocations=14 (full 2):
 PSYoungGen      total 199680K, used 65580K [0x00000000d5580000, 0x00000000e4e00000, 0x0000000100000000)
  eden space 186368K, 28% used [0x00000000d5580000,0x00000000d888dd10,0x00000000e0b80000)
  from space 13312K, 99% used [0x00000000e0b80000,0x00000000e187d300,0x00000000e1880000)
  to   space 19968K, 0% used [0x00000000e3a80000,0x00000000e3a80000,0x00000000e4e00000)
 ParOldGen       total 73728K, used 30859K [0x0000000080000000, 0x0000000084800000, 0x00000000d5580000)
  object space 73728K, 41% used [0x0000000080000000,0x0000000081e22e60,0x0000000084800000)
 Metaspace       used 56782K, capacity 59062K, committed 59160K, reserved 1099776K
  class space    used 7780K, capacity 8236K, committed 8240K, reserved 1048576K
Event: 7.948 GC heap after
Heap after GC invocations=14 (full 2):
 PSYoungGen      total 234496K, used 4826K [0x00000000d5580000, 0x00000000e6580000, 0x0000000100000000)
  eden space 214528K, 0% used [0x00000000d5580000,0x00000000d5580000,0x00000000e2700000)
  from space 19968K, 24% used [0x00000000e3a80000,0x00000000e3f36858,0x00000000e4e00000)
  to   space 19968K, 0% used [0x00000000e2700000,0x00000000e2700000,0x00000000e3a80000)
 ParOldGen       total 73728K, used 44001K [0x0000000080000000, 0x0000000084800000, 0x00000000d5580000)
  object space 73728K, 59% used [0x0000000080000000,0x0000000082af8698,0x0000000084800000)
 Metaspace       used 56782K, capacity 59062K, committed 59160K, reserved 1099776K
  class space    used 7780K, capacity 8236K, committed 8240K, reserved 1048576K
}
Event: 7.948 GC heap before
{Heap before GC invocations=15 (full 3):
 PSYoungGen      total 234496K, used 4826K [0x00000000d5580000, 0x00000000e6580000, 0x0000000100000000)
  eden space 214528K, 0% used [0x00000000d5580000,0x00000000d5580000,0x00000000e2700000)
  from space 19968K, 24% used [0x00000000e3a80000,0x00000000e3f36858,0x00000000e4e00000)
  to   space 19968K, 0% used [0x00000000e2700000,0x00000000e2700000,0x00000000e3a80000)
 ParOldGen       total 73728K, used 44001K [0x0000000080000000, 0x0000000084800000, 0x00000000d5580000)
  object space 73728K, 59% used [0x0000000080000000,0x0000000082af8698,0x0000000084800000)
 Metaspace       used 56782K, capacity 59062K, committed 59160K, reserved 1099776K
  class space    used 7780K, capacity 8236K, committed 8240K, reserved 1048576K
Event: 8.137 GC heap after
Heap after GC invocations=15 (full 3):
 PSYoungGen      total 234496K, used 0K [0x00000000d5580000, 0x00000000e6580000, 0x0000000100000000)
  eden space 214528K, 0% used [0x00000000d5580000,0x00000000d5580000,0x00000000e2700000)
  from space 19968K, 0% used [0x00000000e3a80000,0x00000000e3a80000,0x00000000e4e00000)
  to   space 19968K, 0% used [0x00000000e2700000,0x00000000e2700000,0x00000000e3a80000)
 ParOldGen       total 115200K, used 33356K [0x0000000080000000, 0x0000000087080000, 0x00000000d5580000)
  object space 115200K, 28% used [0x0000000080000000,0x00000000820930e0,0x0000000087080000)
 Metaspace       used 56744K, capacity 58936K, committed 59160K, reserved 1099776K
  class space    used 7769K, capacity 8215K, committed 8240K, reserved 1048576K
}

