# JRE version: OpenJDK Runtime Environment (8.0_242-b01) (build 1.8.0_242-release-1644-b01)
# Java VM: OpenJDK 64-Bit Server VM (25.242-b01 mixed mode windows-amd64 compressed oops)
Heap:
 PSYoungGen      total 262656K, used 25811K [0x00000000d5580000, 0x00000000e7900000, 0x0000000100000000)
  eden space 242176K, 10% used [0x00000000d5580000,0x00000000d6eb4dd0,0x00000000e4200000)
  from space 20480K, 0% used [0x00000000e5580000,0x00000000e5580000,0x00000000e6980000)
  to   space 19968K, 0% used [0x00000000e4200000,0x00000000e4200000,0x00000000e5580000)
 ParOldGen       total 107520K, used 32988K [0x0000000080000000, 0x0000000086900000, 0x00000000d5580000)
  object space 107520K, 30% used [0x0000000080000000,0x0000000082037180,0x0000000086900000)
 Metaspace       used 58602K, capacity 60982K, committed 61208K, reserved 1101824K
  class space    used 8111K, capacity 8650K, committed 8752K, reserved 1048576K
GC Heap History (10 events):
Event: 5.236 GC heap before
{Heap before GC invocations=11 (full 2):
 PSYoungGen      total 140288K, used 11234K [0x00000000d5580000, 0x00000000e2c80000, 0x0000000100000000)
  eden space 129024K, 0% used [0x00000000d5580000,0x00000000d5580000,0x00000000dd380000)
  from space 11264K, 99% used [0x00000000dd380000,0x00000000dde78968,0x00000000dde80000)
  to   space 12800K, 0% used [0x00000000e2000000,0x00000000e2000000,0x00000000e2c80000)
 ParOldGen       total 46592K, used 6816K [0x0000000080000000, 0x0000000082d80000, 0x00000000d5580000)
  object space 46592K, 14% used [0x0000000080000000,0x00000000806a80b8,0x0000000082d80000)
 Metaspace       used 34338K, capacity 35420K, committed 35496K, reserved 1079296K
  class space    used 4732K, capacity 5003K, committed 5040K, reserved 1048576K
Event: 5.303 GC heap after
Heap after GC invocations=11 (full 2):
 PSYoungGen      total 140288K, used 0K [0x00000000d5580000, 0x00000000e2c80000, 0x0000000100000000)
  eden space 129024K, 0% used [0x00000000d5580000,0x00000000d5580000,0x00000000dd380000)
  from space 11264K, 0% used [0x00000000dd380000,0x00000000dd380000,0x00000000dde80000)
  to   space 12800K, 0% used [0x00000000e2000000,0x00000000e2000000,0x00000000e2c80000)
 ParOldGen       total 69120K, used 17454K [0x0000000080000000, 0x0000000084380000, 0x00000000d5580000)
  object space 69120K, 25% used [0x0000000080000000,0x000000008110b990,0x0000000084380000)
 Metaspace       used 34338K, capacity 35420K, committed 35496K, reserved 1079296K
  class space    used 4732K, capacity 5003K, committed 5040K, reserved 1048576K
}
Event: 6.171 GC heap before
{Heap before GC invocations=12 (full 2):
 PSYoungGen      total 140288K, used 129024K [0x00000000d5580000, 0x00000000e2c80000, 0x0000000100000000)
  eden space 129024K, 100% used [0x00000000d5580000,0x00000000dd380000,0x00000000dd380000)
  from space 11264K, 0% used [0x00000000dd380000,0x00000000dd380000,0x00000000dde80000)
  to   space 12800K, 0% used [0x00000000e2000000,0x00000000e2000000,0x00000000e2c80000)
 ParOldGen       total 69120K, used 17454K [0x0000000080000000, 0x0000000084380000, 0x00000000d5580000)
  object space 69120K, 25% used [0x0000000080000000,0x000000008110b990,0x0000000084380000)
 Metaspace       used 39467K, capacity 41246K, committed 41512K, reserved 1085440K
  class space    used 5456K, capacity 5829K, committed 5936K, reserved 1048576K
Event: 6.179 GC heap after
Heap after GC invocations=12 (full 2):
 PSYoungGen      total 188928K, used 9986K [0x00000000d5580000, 0x00000000e2a00000, 0x0000000100000000)
  eden space 178688K, 0% used [0x00000000d5580000,0x00000000d5580000,0x00000000e0400000)
  from space 10240K, 97% used [0x00000000e2000000,0x00000000e29c0a40,0x00000000e2a00000)
  to   space 13312K, 0% used [0x00000000e1000000,0x00000000e1000000,0x00000000e1d00000)
 ParOldGen       total 69120K, used 17462K [0x0000000080000000, 0x0000000084380000, 0x00000000d5580000)
  object space 69120K, 25% used [0x0000000080000000,0x000000008110d990,0x0000000084380000)
 Metaspace       used 39467K, capacity 41246K, committed 41512K, reserved 1085440K
  class space    used 5456K, capacity 5829K, committed 5936K, reserved 1048576K
}
Event: 7.732 GC heap before
{Heap before GC invocations=13 (full 2):
 PSYoungGen      total 188928K, used 188674K [0x00000000d5580000, 0x00000000e2a00000, 0x0000000100000000)
  eden space 178688K, 100% used [0x00000000d5580000,0x00000000e0400000,0x00000000e0400000)
  from space 10240K, 97% used [0x00000000e2000000,0x00000000e29c0a40,0x00000000e2a00000)
  to   space 13312K, 0% used [0x00000000e1000000,0x00000000e1000000,0x00000000e1d00000)
 ParOldGen       total 69120K, used 17462K [0x0000000080000000, 0x0000000084380000, 0x00000000d5580000)
  object space 69120K, 25% used [0x0000000080000000,0x000000008110d990,0x0000000084380000)
 Metaspace       used 55327K, capacity 57652K, committed 58024K, reserved 1099776K
  class space    used 7551K, capacity 8000K, committed 8112K, reserved 1048576K
Event: 7.753 GC heap after
Heap after GC invocations=13 (full 2):
 PSYoungGen      total 204288K, used 13288K [0x00000000d5580000, 0x00000000e6980000, 0x0000000100000000)
  eden space 190976K, 0% used [0x00000000d5580000,0x00000000d5580000,0x00000000e1000000)
  from space 13312K, 99% used [0x00000000e1000000,0x00000000e1cfa380,0x00000000e1d00000)
  to   space 20480K, 0% used [0x00000000e5580000,0x00000000e5580000,0x00000000e6980000)
 ParOldGen       total 69120K, used 31976K [0x0000000080000000, 0x0000000084380000, 0x00000000d5580000)
  object space 69120K, 46% used [0x0000000080000000,0x0000000081f3a398,0x0000000084380000)
 Metaspace       used 55327K, capacity 57652K, committed 58024K, reserved 1099776K
  class space    used 7551K, capacity 8000K, committed 8112K, reserved 1048576K
}
Event: 8.054 GC heap before
{Heap before GC invocations=14 (full 2):
 PSYoungGen      total 204288K, used 56463K [0x00000000d5580000, 0x00000000e6980000, 0x0000000100000000)
  eden space 190976K, 22% used [0x00000000d5580000,0x00000000d7fa9b18,0x00000000e1000000)
  from space 13312K, 99% used [0x00000000e1000000,0x00000000e1cfa380,0x00000000e1d00000)
  to   space 20480K, 0% used [0x00000000e5580000,0x00000000e5580000,0x00000000e6980000)
 ParOldGen       total 69120K, used 31976K [0x0000000080000000, 0x0000000084380000, 0x00000000d5580000)
  object space 69120K, 46% used [0x0000000080000000,0x0000000081f3a398,0x0000000084380000)
 Metaspace       used 56779K, capacity 59086K, committed 59160K, reserved 1099776K
  class space    used 7786K, capacity 8240K, committed 8240K, reserved 1048576K
Event: 8.067 GC heap after
Heap after GC invocations=14 (full 2):
 PSYoungGen      total 262656K, used 4000K [0x00000000d5580000, 0x00000000e7900000, 0x0000000100000000)
  eden space 242176K, 0% used [0x00000000d5580000,0x00000000d5580000,0x00000000e4200000)
  from space 20480K, 19% used [0x00000000e5580000,0x00000000e5968000,0x00000000e6980000)
  to   space 19968K, 0% used [0x00000000e4200000,0x00000000e4200000,0x00000000e5580000)
 ParOldGen       total 69120K, used 43294K [0x0000000080000000, 0x0000000084380000, 0x00000000d5580000)
  object space 69120K, 62% used [0x0000000080000000,0x0000000082a47910,0x0000000084380000)
 Metaspace       used 56779K, capacity 59086K, committed 59160K, reserved 1099776K
  class space    used 7786K, capacity 8240K, committed 8240K, reserved 1048576K
}
Event: 8.067 GC heap before
{Heap before GC invocations=15 (full 3):
 PSYoungGen      total 262656K, used 4000K [0x00000000d5580000, 0x00000000e7900000, 0x0000000100000000)
  eden space 242176K, 0% used [0x00000000d5580000,0x00000000d5580000,0x00000000e4200000)
  from space 20480K, 19% used [0x00000000e5580000,0x00000000e5968000,0x00000000e6980000)
  to   space 19968K, 0% used [0x00000000e4200000,0x00000000e4200000,0x00000000e5580000)
 ParOldGen       total 69120K, used 43294K [0x0000000080000000, 0x0000000084380000, 0x00000000d5580000)
  object space 69120K, 62% used [0x0000000080000000,0x0000000082a47910,0x0000000084380000)
 Metaspace       used 56779K, capacity 59086K, committed 59160K, reserved 1099776K
  class space    used 7786K, capacity 8240K, committed 8240K, reserved 1048576K
Event: 8.293 GC heap after
Heap after GC invocations=15 (full 3):
 PSYoungGen      total 262656K, used 0K [0x00000000d5580000, 0x00000000e7900000, 0x0000000100000000)
  eden space 242176K, 0% used [0x00000000d5580000,0x00000000d5580000,0x00000000e4200000)
  from space 20480K, 0% used [0x00000000e5580000,0x00000000e5580000,0x00000000e6980000)
  to   space 19968K, 0% used [0x00000000e4200000,0x00000000e4200000,0x00000000e5580000)
 ParOldGen       total 107520K, used 32988K [0x0000000080000000, 0x0000000086900000, 0x00000000d5580000)
  object space 107520K, 30% used [0x0000000080000000,0x0000000082037180,0x0000000086900000)
 Metaspace       used 56733K, capacity 58930K, committed 59160K, reserved 1099776K
  class space    used 7772K, capacity 8214K, committed 8240K, reserved 1048576K
}

