# JRE version: OpenJDK Runtime Environment (8.0_242-b01) (build 1.8.0_242-release-1644-b01)
# Java VM: OpenJDK 64-Bit Server VM (25.242-b01 mixed mode windows-amd64 compressed oops)
Heap:
 PSYoungGen      total 282624K, used 199100K [0x00000000d5580000, 0x00000000e9c00000, 0x0000000100000000)
  eden space 250880K, 66% used [0x00000000d5580000,0x00000000df8f6a00,0x00000000e4a80000)
  from space 31744K, 99% used [0x00000000e6f00000,0x00000000e8df8808,0x00000000e8e00000)
  to   space 37376K, 0% used [0x00000000e4a80000,0x00000000e4a80000,0x00000000e6f00000)
 ParOldGen       total 204288K, used 74195K [0x0000000080000000, 0x000000008c780000, 0x00000000d5580000)
  object space 204288K, 36% used [0x0000000080000000,0x0000000084874ef0,0x000000008c780000)
 Metaspace       used 110001K, capacity 117698K, committed 117848K, reserved 1150976K
  class space    used 14496K, capacity 15913K, committed 16000K, reserved 1048576K
GC Heap History (10 events):
Event: 287.296 GC heap before
{Heap before GC invocations=28 (full 4):
 PSYoungGen      total 244224K, used 215039K [0x00000000d5580000, 0x00000000e6d00000, 0x0000000100000000)
  eden space 215040K, 99% used [0x00000000d5580000,0x00000000e277fe20,0x00000000e2780000)
  from space 29184K, 0% used [0x00000000e2780000,0x00000000e2780000,0x00000000e4400000)
  to   space 29696K, 0% used [0x00000000e5000000,0x00000000e5000000,0x00000000e6d00000)
 ParOldGen       total 204288K, used 64890K [0x0000000080000000, 0x000000008c780000, 0x00000000d5580000)
  object space 204288K, 31% used [0x0000000080000000,0x0000000083f5e9f8,0x000000008c780000)
 Metaspace       used 99391K, capacity 104486K, committed 104664K, reserved 1140736K
  class space    used 12992K, capacity 14037K, committed 14080K, reserved 1048576K
Event: 287.317 GC heap after
Heap after GC invocations=28 (full 4):
 PSYoungGen      total 256512K, used 16718K [0x00000000d5580000, 0x00000000e6c80000, 0x0000000100000000)
  eden space 227328K, 0% used [0x00000000d5580000,0x00000000d5580000,0x00000000e3380000)
  from space 29184K, 57% used [0x00000000e5000000,0x00000000e6053ac8,0x00000000e6c80000)
  to   space 29184K, 0% used [0x00000000e3380000,0x00000000e3380000,0x00000000e5000000)
 ParOldGen       total 204288K, used 64898K [0x0000000080000000, 0x000000008c780000, 0x00000000d5580000)
  object space 204288K, 31% used [0x0000000080000000,0x0000000083f609f8,0x000000008c780000)
 Metaspace       used 99391K, capacity 104486K, committed 104664K, reserved 1140736K
  class space    used 12992K, capacity 14037K, committed 14080K, reserved 1048576K
}
Event: 604.872 GC heap before
{Heap before GC invocations=29 (full 4):
 PSYoungGen      total 256512K, used 244046K [0x00000000d5580000, 0x00000000e6c80000, 0x0000000100000000)
  eden space 227328K, 100% used [0x00000000d5580000,0x00000000e3380000,0x00000000e3380000)
  from space 29184K, 57% used [0x00000000e5000000,0x00000000e6053ac8,0x00000000e6c80000)
  to   space 29184K, 0% used [0x00000000e3380000,0x00000000e3380000,0x00000000e5000000)
 ParOldGen       total 204288K, used 64898K [0x0000000080000000, 0x000000008c780000, 0x00000000d5580000)
  object space 204288K, 31% used [0x0000000080000000,0x0000000083f609f8,0x000000008c780000)
 Metaspace       used 100128K, capacity 105632K, committed 105816K, reserved 1140736K
  class space    used 13061K, capacity 14152K, committed 14208K, reserved 1048576K
Event: 604.903 GC heap after
Heap after GC invocations=29 (full 4):
 PSYoungGen      total 256512K, used 15269K [0x00000000d5580000, 0x00000000e7100000, 0x0000000100000000)
  eden space 227328K, 0% used [0x00000000d5580000,0x00000000d5580000,0x00000000e3380000)
  from space 29184K, 52% used [0x00000000e3380000,0x00000000e4269598,0x00000000e5000000)
  to   space 27648K, 0% used [0x00000000e5600000,0x00000000e5600000,0x00000000e7100000)
 ParOldGen       total 204288K, used 64906K [0x0000000080000000, 0x000000008c780000, 0x00000000d5580000)
  object space 204288K, 31% used [0x0000000080000000,0x0000000083f629f8,0x000000008c780000)
 Metaspace       used 100128K, capacity 105632K, committed 105816K, reserved 1140736K
  class space    used 13061K, capacity 14152K, committed 14208K, reserved 1048576K
}
Event: 788.840 GC heap before
{Heap before GC invocations=30 (full 4):
 PSYoungGen      total 256512K, used 242593K [0x00000000d5580000, 0x00000000e7100000, 0x0000000100000000)
  eden space 227328K, 99% used [0x00000000d5580000,0x00000000e337f1f0,0x00000000e3380000)
  from space 29184K, 52% used [0x00000000e3380000,0x00000000e4269598,0x00000000e5000000)
  to   space 27648K, 0% used [0x00000000e5600000,0x00000000e5600000,0x00000000e7100000)
 ParOldGen       total 204288K, used 64906K [0x0000000080000000, 0x000000008c780000, 0x00000000d5580000)
  object space 204288K, 31% used [0x0000000080000000,0x0000000083f629f8,0x000000008c780000)
 Metaspace       used 100864K, capacity 106552K, committed 106712K, reserved 1142784K
  class space    used 13139K, capacity 14246K, committed 14336K, reserved 1048576K
Event: 788.858 GC heap after
Heap after GC invocations=30 (full 4):
 PSYoungGen      total 257536K, used 15413K [0x00000000d5580000, 0x00000000e6d80000, 0x0000000100000000)
  eden space 233472K, 0% used [0x00000000d5580000,0x00000000d5580000,0x00000000e3980000)
  from space 24064K, 64% used [0x00000000e5600000,0x00000000e650d478,0x00000000e6d80000)
  to   space 26624K, 0% used [0x00000000e3980000,0x00000000e3980000,0x00000000e5380000)
 ParOldGen       total 204288K, used 64914K [0x0000000080000000, 0x000000008c780000, 0x00000000d5580000)
  object space 204288K, 31% used [0x0000000080000000,0x0000000083f649f8,0x000000008c780000)
 Metaspace       used 100864K, capacity 106552K, committed 106712K, reserved 1142784K
  class space    used 13139K, capacity 14246K, committed 14336K, reserved 1048576K
}
Event: 790.876 GC heap before
{Heap before GC invocations=31 (full 4):
 PSYoungGen      total 257536K, used 248885K [0x00000000d5580000, 0x00000000e6d80000, 0x0000000100000000)
  eden space 233472K, 100% used [0x00000000d5580000,0x00000000e3980000,0x00000000e3980000)
  from space 24064K, 64% used [0x00000000e5600000,0x00000000e650d478,0x00000000e6d80000)
  to   space 26624K, 0% used [0x00000000e3980000,0x00000000e3980000,0x00000000e5380000)
 ParOldGen       total 204288K, used 64914K [0x0000000080000000, 0x000000008c780000, 0x00000000d5580000)
  object space 204288K, 31% used [0x0000000080000000,0x0000000083f649f8,0x000000008c780000)
 Metaspace       used 101578K, capacity 107498K, committed 107608K, reserved 1142784K
  class space    used 13205K, capacity 14363K, committed 14464K, reserved 1048576K
Event: 790.927 GC heap after
Heap after GC invocations=31 (full 4):
 PSYoungGen      total 260096K, used 26610K [0x00000000d5580000, 0x00000000e8e00000, 0x0000000100000000)
  eden space 233472K, 0% used [0x00000000d5580000,0x00000000d5580000,0x00000000e3980000)
  from space 26624K, 99% used [0x00000000e3980000,0x00000000e537ca20,0x00000000e5380000)
  to   space 31744K, 0% used [0x00000000e6f00000,0x00000000e6f00000,0x00000000e8e00000)
 ParOldGen       total 204288K, used 69552K [0x0000000080000000, 0x000000008c780000, 0x00000000d5580000)
  object space 204288K, 34% used [0x0000000080000000,0x00000000843ec1c8,0x000000008c780000)
 Metaspace       used 101578K, capacity 107498K, committed 107608K, reserved 1142784K
  class space    used 13205K, capacity 14363K, committed 14464K, reserved 1048576K
}
Event: 793.894 GC heap before
{Heap before GC invocations=32 (full 4):
 PSYoungGen      total 260096K, used 260082K [0x00000000d5580000, 0x00000000e8e00000, 0x0000000100000000)
  eden space 233472K, 100% used [0x00000000d5580000,0x00000000e3980000,0x00000000e3980000)
  from space 26624K, 99% used [0x00000000e3980000,0x00000000e537ca20,0x00000000e5380000)
  to   space 31744K, 0% used [0x00000000e6f00000,0x00000000e6f00000,0x00000000e8e00000)
 ParOldGen       total 204288K, used 69552K [0x0000000080000000, 0x000000008c780000, 0x00000000d5580000)
  object space 204288K, 34% used [0x0000000080000000,0x00000000843ec1c8,0x000000008c780000)
 Metaspace       used 108857K, capacity 116372K, committed 116568K, reserved 1150976K
  class space    used 14304K, capacity 15700K, committed 15744K, reserved 1048576K
Event: 793.935 GC heap after
Heap after GC invocations=32 (full 4):
 PSYoungGen      total 282624K, used 31714K [0x00000000d5580000, 0x00000000e9c00000, 0x0000000100000000)
  eden space 250880K, 0% used [0x00000000d5580000,0x00000000d5580000,0x00000000e4a80000)
  from space 31744K, 99% used [0x00000000e6f00000,0x00000000e8df8808,0x00000000e8e00000)
  to   space 37376K, 0% used [0x00000000e4a80000,0x00000000e4a80000,0x00000000e6f00000)
 ParOldGen       total 204288K, used 74195K [0x0000000080000000, 0x000000008c780000, 0x00000000d5580000)
  object space 204288K, 36% used [0x0000000080000000,0x0000000084874ef0,0x000000008c780000)
 Metaspace       used 108857K, capacity 116372K, committed 116568K, reserved 1150976K
  class space    used 14304K, capacity 15700K, committed 15744K, reserved 1048576K
}

