# JRE version: OpenJDK Runtime Environment (8.0_242-b01) (build 1.8.0_242-release-1644-b01)
# Java VM: OpenJDK 64-Bit Server VM (25.242-b01 mixed mode windows-amd64 compressed oops)
Heap:
 PSYoungGen      total 145408K, used 92569K [0x00000000d5580000, 0x00000000e1180000, 0x0000000100000000)
  eden space 99328K, 49% used [0x00000000d5580000,0x00000000d859cab0,0x00000000db680000)
  from space 46080K, 93% used [0x00000000db680000,0x00000000de0c9a48,0x00000000de380000)
  to   space 42496K, 0% used [0x00000000de380000,0x00000000de380000,0x00000000e0d00000)
 ParOldGen       total 157696K, used 62187K [0x0000000080000000, 0x0000000089a00000, 0x00000000d5580000)
  object space 157696K, 39% used [0x0000000080000000,0x0000000083cbaea8,0x0000000089a00000)
 Metaspace       used 106060K, capacity 114752K, committed 114904K, reserved 1148928K
  class space    used 13922K, capacity 15545K, committed 15616K, reserved 1048576K
GC Heap History (10 events):
Event: 8257.414 GC heap before
{Heap before GC invocations=43 (full 4):
 PSYoungGen      total 142848K, used 138592K [0x00000000d5580000, 0x00000000e0500000, 0x0000000100000000)
  eden space 111104K, 100% used [0x00000000d5580000,0x00000000dc200000,0x00000000dc200000)
  from space 31744K, 86% used [0x00000000de400000,0x00000000dfed80c0,0x00000000e0300000)
  to   space 34304K, 0% used [0x00000000dc200000,0x00000000dc200000,0x00000000de380000)
 ParOldGen       total 157696K, used 61765K [0x0000000080000000, 0x0000000089a00000, 0x00000000d5580000)
  object space 157696K, 39% used [0x0000000080000000,0x0000000083c51568,0x0000000089a00000)
 Metaspace       used 97195K, capacity 105290K, committed 105432K, reserved 1140736K
  class space    used 12793K, capacity 14332K, committed 14336K, reserved 1048576K
Event: 8257.429 GC heap after
Heap after GC invocations=43 (full 4):
 PSYoungGen      total 136192K, used 27648K [0x00000000d5580000, 0x00000000e0600000, 0x0000000100000000)
  eden space 108032K, 0% used [0x00000000d5580000,0x00000000d5580000,0x00000000dbf00000)
  from space 28160K, 98% used [0x00000000dc200000,0x00000000ddd000c0,0x00000000ddd80000)
  to   space 36352K, 0% used [0x00000000de280000,0x00000000de280000,0x00000000e0600000)
 ParOldGen       total 157696K, used 61773K [0x0000000080000000, 0x0000000089a00000, 0x00000000d5580000)
  object space 157696K, 39% used [0x0000000080000000,0x0000000083c53568,0x0000000089a00000)
 Metaspace       used 97195K, capacity 105290K, committed 105432K, reserved 1140736K
  class space    used 12793K, capacity 14332K, committed 14336K, reserved 1048576K
}
Event: 9537.208 GC heap before
{Heap before GC invocations=44 (full 4):
 PSYoungGen      total 136192K, used 135680K [0x00000000d5580000, 0x00000000e0600000, 0x0000000100000000)
  eden space 108032K, 100% used [0x00000000d5580000,0x00000000dbf00000,0x00000000dbf00000)
  from space 28160K, 98% used [0x00000000dc200000,0x00000000ddd000c0,0x00000000ddd80000)
  to   space 36352K, 0% used [0x00000000de280000,0x00000000de280000,0x00000000e0600000)
 ParOldGen       total 157696K, used 61773K [0x0000000080000000, 0x0000000089a00000, 0x00000000d5580000)
  object space 157696K, 39% used [0x0000000080000000,0x0000000083c53568,0x0000000089a00000)
 Metaspace       used 97279K, capacity 105408K, committed 105560K, reserved 1140736K
  class space    used 12801K, capacity 14341K, committed 14464K, reserved 1048576K
Event: 9537.222 GC heap after
Heap after GC invocations=44 (full 4):
 PSYoungGen      total 141312K, used 26016K [0x00000000d5580000, 0x00000000e0580000, 0x0000000100000000)
  eden space 105472K, 0% used [0x00000000d5580000,0x00000000d5580000,0x00000000dbc80000)
  from space 35840K, 72% used [0x00000000de280000,0x00000000dfbe80c0,0x00000000e0580000)
  to   space 37376K, 0% used [0x00000000dbc80000,0x00000000dbc80000,0x00000000de100000)
 ParOldGen       total 157696K, used 61781K [0x0000000080000000, 0x0000000089a00000, 0x00000000d5580000)
  object space 157696K, 39% used [0x0000000080000000,0x0000000083c55568,0x0000000089a00000)
 Metaspace       used 97279K, capacity 105408K, committed 105560K, reserved 1140736K
  class space    used 12801K, capacity 14341K, committed 14464K, reserved 1048576K
}
Event: 9592.345 GC heap before
{Heap before GC invocations=45 (full 4):
 PSYoungGen      total 141312K, used 131487K [0x00000000d5580000, 0x00000000e0580000, 0x0000000100000000)
  eden space 105472K, 99% used [0x00000000d5580000,0x00000000dbc7fc40,0x00000000dbc80000)
  from space 35840K, 72% used [0x00000000de280000,0x00000000dfbe80c0,0x00000000e0580000)
  to   space 37376K, 0% used [0x00000000dbc80000,0x00000000dbc80000,0x00000000de100000)
 ParOldGen       total 157696K, used 61781K [0x0000000080000000, 0x0000000089a00000, 0x00000000d5580000)
  object space 157696K, 39% used [0x0000000080000000,0x0000000083c55568,0x0000000089a00000)
 Metaspace       used 98500K, capacity 106966K, committed 107096K, reserved 1142784K
  class space    used 12988K, capacity 14630K, committed 14720K, reserved 1048576K
Event: 9592.373 GC heap after
Heap after GC invocations=45 (full 4):
 PSYoungGen      total 140288K, used 37350K [0x00000000d5580000, 0x00000000e0d00000, 0x0000000100000000)
  eden space 102912K, 0% used [0x00000000d5580000,0x00000000d5580000,0x00000000dba00000)
  from space 37376K, 99% used [0x00000000dbc80000,0x00000000de0f9920,0x00000000de100000)
  to   space 42496K, 0% used [0x00000000de380000,0x00000000de380000,0x00000000e0d00000)
 ParOldGen       total 157696K, used 62171K [0x0000000080000000, 0x0000000089a00000, 0x00000000d5580000)
  object space 157696K, 39% used [0x0000000080000000,0x0000000083cb6ea8,0x0000000089a00000)
 Metaspace       used 98500K, capacity 106966K, committed 107096K, reserved 1142784K
  class space    used 12988K, capacity 14630K, committed 14720K, reserved 1048576K
}
Event: 9597.061 GC heap before
{Heap before GC invocations=46 (full 4):
 PSYoungGen      total 140288K, used 140262K [0x00000000d5580000, 0x00000000e0d00000, 0x0000000100000000)
  eden space 102912K, 100% used [0x00000000d5580000,0x00000000dba00000,0x00000000dba00000)
  from space 37376K, 99% used [0x00000000dbc80000,0x00000000de0f9920,0x00000000de100000)
  to   space 42496K, 0% used [0x00000000de380000,0x00000000de380000,0x00000000e0d00000)
 ParOldGen       total 157696K, used 62171K [0x0000000080000000, 0x0000000089a00000, 0x00000000d5580000)
  object space 157696K, 39% used [0x0000000080000000,0x0000000083cb6ea8,0x0000000089a00000)
 Metaspace       used 102830K, capacity 111372K, committed 111704K, reserved 1146880K
  class space    used 13503K, capacity 15115K, committed 15232K, reserved 1048576K
Event: 9597.118 GC heap after
Heap after GC invocations=46 (full 4):
 PSYoungGen      total 141824K, used 37515K [0x00000000d5580000, 0x00000000e1180000, 0x0000000100000000)
  eden space 99328K, 0% used [0x00000000d5580000,0x00000000d5580000,0x00000000db680000)
  from space 42496K, 88% used [0x00000000de380000,0x00000000e0822c50,0x00000000e0d00000)
  to   space 46080K, 0% used [0x00000000db680000,0x00000000db680000,0x00000000de380000)
 ParOldGen       total 157696K, used 62179K [0x0000000080000000, 0x0000000089a00000, 0x00000000d5580000)
  object space 157696K, 39% used [0x0000000080000000,0x0000000083cb8ea8,0x0000000089a00000)
 Metaspace       used 102830K, capacity 111372K, committed 111704K, reserved 1146880K
  class space    used 13503K, capacity 15115K, committed 15232K, reserved 1048576K
}
Event: 9601.365 GC heap before
{Heap before GC invocations=47 (full 4):
 PSYoungGen      total 141824K, used 136840K [0x00000000d5580000, 0x00000000e1180000, 0x0000000100000000)
  eden space 99328K, 99% used [0x00000000d5580000,0x00000000db67f588,0x00000000db680000)
  from space 42496K, 88% used [0x00000000de380000,0x00000000e0822c50,0x00000000e0d00000)
  to   space 46080K, 0% used [0x00000000db680000,0x00000000db680000,0x00000000de380000)
 ParOldGen       total 157696K, used 62179K [0x0000000080000000, 0x0000000089a00000, 0x00000000d5580000)
  object space 157696K, 39% used [0x0000000080000000,0x0000000083cb8ea8,0x0000000089a00000)
 Metaspace       used 106023K, capacity 114666K, committed 114904K, reserved 1148928K
  class space    used 13919K, capacity 15542K, committed 15616K, reserved 1048576K
Event: 9601.403 GC heap after
Heap after GC invocations=47 (full 4):
 PSYoungGen      total 145408K, used 43302K [0x00000000d5580000, 0x00000000e1180000, 0x0000000100000000)
  eden space 99328K, 0% used [0x00000000d5580000,0x00000000d5580000,0x00000000db680000)
  from space 46080K, 93% used [0x00000000db680000,0x00000000de0c9a48,0x00000000de380000)
  to   space 42496K, 0% used [0x00000000de380000,0x00000000de380000,0x00000000e0d00000)
 ParOldGen       total 157696K, used 62187K [0x0000000080000000, 0x0000000089a00000, 0x00000000d5580000)
  object space 157696K, 39% used [0x0000000080000000,0x0000000083cbaea8,0x0000000089a00000)
 Metaspace       used 106023K, capacity 114666K, committed 114904K, reserved 1148928K
  class space    used 13919K, capacity 15542K, committed 15616K, reserved 1048576K
}

