# JRE version: OpenJDK Runtime Environment (8.0_242-b01) (build 1.8.0_242-release-1644-b01)
# Java VM: OpenJDK 64-Bit Server VM (25.242-b01 mixed mode windows-amd64 compressed oops)
Heap:
 PSYoungGen      total 268288K, used 171015K [0x00000000d5580000, 0x00000000eb900000, 0x0000000100000000)
  eden space 247808K, 60% used [0x00000000d5580000,0x00000000de895630,0x00000000e4780000)
  from space 20480K, 99% used [0x00000000e4780000,0x00000000e5b6c710,0x00000000e5b80000)
  to   space 23552K, 0% used [0x00000000ea200000,0x00000000ea200000,0x00000000eb900000)
 ParOldGen       total 103936K, used 32777K [0x0000000080000000, 0x0000000086580000, 0x00000000d5580000)
  object space 103936K, 31% used [0x0000000080000000,0x0000000082002428,0x0000000086580000)
 Metaspace       used 69019K, capacity 72566K, committed 72872K, reserved 1112064K
  class space    used 9396K, capacity 10034K, committed 10160K, reserved 1048576K
GC Heap History (10 events):
Event: 5.815 GC heap before
{Heap before GC invocations=12 (full 2):
 PSYoungGen      total 140288K, used 129024K [0x00000000d5580000, 0x00000000e2c80000, 0x0000000100000000)
  eden space 129024K, 100% used [0x00000000d5580000,0x00000000dd380000,0x00000000dd380000)
  from space 11264K, 0% used [0x00000000dd380000,0x00000000dd380000,0x00000000dde80000)
  to   space 12800K, 0% used [0x00000000e2000000,0x00000000e2000000,0x00000000e2c80000)
 ParOldGen       total 67584K, used 17504K [0x0000000080000000, 0x0000000084200000, 0x00000000d5580000)
  object space 67584K, 25% used [0x0000000080000000,0x0000000081118370,0x0000000084200000)
 Metaspace       used 39559K, capacity 41380K, committed 41512K, reserved 1085440K
  class space    used 5457K, capacity 5830K, committed 5936K, reserved 1048576K
Event: 5.823 GC heap after
Heap after GC invocations=12 (full 2):
 PSYoungGen      total 190976K, used 10099K [0x00000000d5580000, 0x00000000e2a00000, 0x0000000100000000)
  eden space 180736K, 0% used [0x00000000d5580000,0x00000000d5580000,0x00000000e0600000)
  from space 10240K, 98% used [0x00000000e2000000,0x00000000e29dce80,0x00000000e2a00000)
  to   space 13312K, 0% used [0x00000000e1000000,0x00000000e1000000,0x00000000e1d00000)
 ParOldGen       total 67584K, used 17512K [0x0000000080000000, 0x0000000084200000, 0x00000000d5580000)
  object space 67584K, 25% used [0x0000000080000000,0x000000008111a370,0x0000000084200000)
 Metaspace       used 39559K, capacity 41380K, committed 41512K, reserved 1085440K
  class space    used 5457K, capacity 5830K, committed 5936K, reserved 1048576K
}
Event: 7.478 GC heap before
{Heap before GC invocations=13 (full 2):
 PSYoungGen      total 190976K, used 190835K [0x00000000d5580000, 0x00000000e2a00000, 0x0000000100000000)
  eden space 180736K, 100% used [0x00000000d5580000,0x00000000e0600000,0x00000000e0600000)
  from space 10240K, 98% used [0x00000000e2000000,0x00000000e29dce80,0x00000000e2a00000)
  to   space 13312K, 0% used [0x00000000e1000000,0x00000000e1000000,0x00000000e1d00000)
 ParOldGen       total 67584K, used 17512K [0x0000000080000000, 0x0000000084200000, 0x00000000d5580000)
  object space 67584K, 25% used [0x0000000080000000,0x000000008111a370,0x0000000084200000)
 Metaspace       used 55424K, capacity 57726K, committed 58024K, reserved 1099776K
  class space    used 7557K, capacity 8003K, committed 8112K, reserved 1048576K
Event: 7.504 GC heap after
Heap after GC invocations=13 (full 2):
 PSYoungGen      total 204288K, used 13309K [0x00000000d5580000, 0x00000000e6f80000, 0x0000000100000000)
  eden space 190976K, 0% used [0x00000000d5580000,0x00000000d5580000,0x00000000e1000000)
  from space 13312K, 99% used [0x00000000e1000000,0x00000000e1cff5e8,0x00000000e1d00000)
  to   space 20480K, 0% used [0x00000000e5b80000,0x00000000e5b80000,0x00000000e6f80000)
 ParOldGen       total 67584K, used 32223K [0x0000000080000000, 0x0000000084200000, 0x00000000d5580000)
  object space 67584K, 47% used [0x0000000080000000,0x0000000081f77e18,0x0000000084200000)
 Metaspace       used 55424K, capacity 57726K, committed 58024K, reserved 1099776K
  class space    used 7557K, capacity 8003K, committed 8112K, reserved 1048576K
}
Event: 7.751 GC heap before
{Heap before GC invocations=14 (full 2):
 PSYoungGen      total 204288K, used 52687K [0x00000000d5580000, 0x00000000e6f80000, 0x0000000100000000)
  eden space 190976K, 20% used [0x00000000d5580000,0x00000000d7bf4848,0x00000000e1000000)
  from space 13312K, 99% used [0x00000000e1000000,0x00000000e1cff5e8,0x00000000e1d00000)
  to   space 20480K, 0% used [0x00000000e5b80000,0x00000000e5b80000,0x00000000e6f80000)
 ParOldGen       total 67584K, used 32223K [0x0000000080000000, 0x0000000084200000, 0x00000000d5580000)
  object space 67584K, 47% used [0x0000000080000000,0x0000000081f77e18,0x0000000084200000)
 Metaspace       used 56673K, capacity 59030K, committed 59160K, reserved 1099776K
  class space    used 7762K, capacity 8242K, committed 8368K, reserved 1048576K
Event: 7.765 GC heap after
Heap after GC invocations=14 (full 2):
 PSYoungGen      total 268288K, used 3474K [0x00000000d5580000, 0x00000000e7f00000, 0x0000000100000000)
  eden space 247808K, 0% used [0x00000000d5580000,0x00000000d5580000,0x00000000e4780000)
  from space 20480K, 16% used [0x00000000e5b80000,0x00000000e5ee4920,0x00000000e6f80000)
  to   space 20480K, 0% used [0x00000000e4780000,0x00000000e4780000,0x00000000e5b80000)
 ParOldGen       total 67584K, used 43882K [0x0000000080000000, 0x0000000084200000, 0x00000000d5580000)
  object space 67584K, 64% used [0x0000000080000000,0x0000000082adaad0,0x0000000084200000)
 Metaspace       used 56673K, capacity 59030K, committed 59160K, reserved 1099776K
  class space    used 7762K, capacity 8242K, committed 8368K, reserved 1048576K
}
Event: 7.765 GC heap before
{Heap before GC invocations=15 (full 3):
 PSYoungGen      total 268288K, used 3474K [0x00000000d5580000, 0x00000000e7f00000, 0x0000000100000000)
  eden space 247808K, 0% used [0x00000000d5580000,0x00000000d5580000,0x00000000e4780000)
  from space 20480K, 16% used [0x00000000e5b80000,0x00000000e5ee4920,0x00000000e6f80000)
  to   space 20480K, 0% used [0x00000000e4780000,0x00000000e4780000,0x00000000e5b80000)
 ParOldGen       total 67584K, used 43882K [0x0000000080000000, 0x0000000084200000, 0x00000000d5580000)
  object space 67584K, 64% used [0x0000000080000000,0x0000000082adaad0,0x0000000084200000)
 Metaspace       used 56673K, capacity 59030K, committed 59160K, reserved 1099776K
  class space    used 7762K, capacity 8242K, committed 8368K, reserved 1048576K
Event: 7.978 GC heap after
Heap after GC invocations=15 (full 3):
 PSYoungGen      total 268288K, used 0K [0x00000000d5580000, 0x00000000e7f00000, 0x0000000100000000)
  eden space 247808K, 0% used [0x00000000d5580000,0x00000000d5580000,0x00000000e4780000)
  from space 20480K, 0% used [0x00000000e5b80000,0x00000000e5b80000,0x00000000e6f80000)
  to   space 20480K, 0% used [0x00000000e4780000,0x00000000e4780000,0x00000000e5b80000)
 ParOldGen       total 103936K, used 32769K [0x0000000080000000, 0x0000000086580000, 0x00000000d5580000)
  object space 103936K, 31% used [0x0000000080000000,0x0000000082000428,0x0000000086580000)
 Metaspace       used 56625K, capacity 58868K, committed 59160K, reserved 1099776K
  class space    used 7747K, capacity 8215K, committed 8368K, reserved 1048576K
}
Event: 10.958 GC heap before
{Heap before GC invocations=16 (full 3):
 PSYoungGen      total 268288K, used 247808K [0x00000000d5580000, 0x00000000e7f00000, 0x0000000100000000)
  eden space 247808K, 100% used [0x00000000d5580000,0x00000000e4780000,0x00000000e4780000)
  from space 20480K, 0% used [0x00000000e5b80000,0x00000000e5b80000,0x00000000e6f80000)
  to   space 20480K, 0% used [0x00000000e4780000,0x00000000e4780000,0x00000000e5b80000)
 ParOldGen       total 103936K, used 32769K [0x0000000080000000, 0x0000000086580000, 0x00000000d5580000)
  object space 103936K, 31% used [0x0000000080000000,0x0000000082000428,0x0000000086580000)
 Metaspace       used 65183K, capacity 68658K, committed 68776K, reserved 1107968K
  class space    used 8997K, capacity 9620K, committed 9648K, reserved 1048576K
Event: 10.973 GC heap after
Heap after GC invocations=16 (full 3):
 PSYoungGen      total 268288K, used 20401K [0x00000000d5580000, 0x00000000eb900000, 0x0000000100000000)
  eden space 247808K, 0% used [0x00000000d5580000,0x00000000d5580000,0x00000000e4780000)
  from space 20480K, 99% used [0x00000000e4780000,0x00000000e5b6c710,0x00000000e5b80000)
  to   space 23552K, 0% used [0x00000000ea200000,0x00000000ea200000,0x00000000eb900000)
 ParOldGen       total 103936K, used 32777K [0x0000000080000000, 0x0000000086580000, 0x00000000d5580000)
  object space 103936K, 31% used [0x0000000080000000,0x0000000082002428,0x0000000086580000)
 Metaspace       used 65183K, capacity 68658K, committed 68776K, reserved 1107968K
  class space    used 8997K, capacity 9620K, committed 9648K, reserved 1048576K
}

