# JRE version: OpenJDK Runtime Environment (8.0_242-b01) (build 1.8.0_242-release-1644-b01)
# Java VM: OpenJDK 64-Bit Server VM (25.242-b01 mixed mode windows-amd64 compressed oops)
Heap:
 PSYoungGen      total 195584K, used 48396K [0x00000000d5580000, 0x00000000e6000000, 0x0000000100000000)
  eden space 162816K, 29% used [0x00000000d5580000,0x00000000d84c31d0,0x00000000df480000)
  from space 32768K, 0% used [0x00000000e1c80000,0x00000000e1c80000,0x00000000e3c80000)
  to   space 40960K, 0% used [0x00000000df480000,0x00000000df480000,0x00000000e1c80000)
 ParOldGen       total 205824K, used 75415K [0x0000000080000000, 0x000000008c900000, 0x00000000d5580000)
  object space 205824K, 36% used [0x0000000080000000,0x00000000849a5df0,0x000000008c900000)
 Metaspace       used 93328K, capacity 97054K, committed 99544K, reserved 1136640K
  class space    used 12075K, capacity 12829K, committed 13312K, reserved 1048576K
GC Heap History (10 events):
Event: 74.658 GC heap before
{Heap before GC invocations=22 (full 3):
 PSYoungGen      total 184320K, used 176836K [0x00000000d5580000, 0x00000000e2280000, 0x0000000100000000)
  eden space 163840K, 100% used [0x00000000d5580000,0x00000000df580000,0x00000000df580000)
  from space 20480K, 63% used [0x00000000e0e80000,0x00000000e1b31398,0x00000000e2280000)
  to   space 23040K, 0% used [0x00000000df580000,0x00000000df580000,0x00000000e0c00000)
 ParOldGen       total 128512K, used 60635K [0x0000000080000000, 0x0000000087d80000, 0x00000000d5580000)
  object space 128512K, 47% used [0x0000000080000000,0x0000000083b36db8,0x0000000087d80000)
 Metaspace       used 89109K, capacity 93666K, committed 93912K, reserved 1130496K
  class space    used 11772K, capacity 12703K, committed 12800K, reserved 1048576K
Event: 74.682 GC heap after
Heap after GC invocations=22 (full 3):
 PSYoungGen      total 186880K, used 19276K [0x00000000d5580000, 0x00000000e3880000, 0x0000000100000000)
  eden space 163840K, 0% used [0x00000000d5580000,0x00000000d5580000,0x00000000df580000)
  from space 23040K, 83% used [0x00000000df580000,0x00000000e08533a8,0x00000000e0c00000)
  to   space 25088K, 0% used [0x00000000e2000000,0x00000000e2000000,0x00000000e3880000)
 ParOldGen       total 128512K, used 60643K [0x0000000080000000, 0x0000000087d80000, 0x00000000d5580000)
  object space 128512K, 47% used [0x0000000080000000,0x0000000083b38db8,0x0000000087d80000)
 Metaspace       used 89109K, capacity 93666K, committed 93912K, reserved 1130496K
  class space    used 11772K, capacity 12703K, committed 12800K, reserved 1048576K
}
Event: 7187.023 GC heap before
{Heap before GC invocations=23 (full 3):
 PSYoungGen      total 186880K, used 183116K [0x00000000d5580000, 0x00000000e3880000, 0x0000000100000000)
  eden space 163840K, 100% used [0x00000000d5580000,0x00000000df580000,0x00000000df580000)
  from space 23040K, 83% used [0x00000000df580000,0x00000000e08533a8,0x00000000e0c00000)
  to   space 25088K, 0% used [0x00000000e2000000,0x00000000e2000000,0x00000000e3880000)
 ParOldGen       total 128512K, used 60643K [0x0000000080000000, 0x0000000087d80000, 0x00000000d5580000)
  object space 128512K, 47% used [0x0000000080000000,0x0000000083b38db8,0x0000000087d80000)
 Metaspace       used 90372K, capacity 95226K, committed 95320K, reserved 1132544K
  class space    used 11910K, capacity 12907K, committed 12928K, reserved 1048576K
Event: 7187.076 GC heap after
Heap after GC invocations=23 (full 3):
 PSYoungGen      total 183808K, used 25059K [0x00000000d5580000, 0x00000000e3880000, 0x0000000100000000)
  eden space 158720K, 0% used [0x00000000d5580000,0x00000000d5580000,0x00000000df080000)
  from space 25088K, 99% used [0x00000000e2000000,0x00000000e3878e80,0x00000000e3880000)
  to   space 28672K, 0% used [0x00000000e0080000,0x00000000e0080000,0x00000000e1c80000)
 ParOldGen       total 128512K, used 60897K [0x0000000080000000, 0x0000000087d80000, 0x00000000d5580000)
  object space 128512K, 47% used [0x0000000080000000,0x0000000083b78548,0x0000000087d80000)
 Metaspace       used 90372K, capacity 95226K, committed 95320K, reserved 1132544K
  class space    used 11910K, capacity 12907K, committed 12928K, reserved 1048576K
}
Event: 7194.060 GC heap before
{Heap before GC invocations=24 (full 3):
 PSYoungGen      total 183808K, used 183779K [0x00000000d5580000, 0x00000000e3880000, 0x0000000100000000)
  eden space 158720K, 100% used [0x00000000d5580000,0x00000000df080000,0x00000000df080000)
  from space 25088K, 99% used [0x00000000e2000000,0x00000000e3878e80,0x00000000e3880000)
  to   space 28672K, 0% used [0x00000000e0080000,0x00000000e0080000,0x00000000e1c80000)
 ParOldGen       total 128512K, used 60897K [0x0000000080000000, 0x0000000087d80000, 0x00000000d5580000)
  object space 128512K, 47% used [0x0000000080000000,0x0000000083b78548,0x0000000087d80000)
 Metaspace       used 92170K, capacity 97064K, committed 97368K, reserved 1134592K
  class space    used 12093K, capacity 13082K, committed 13184K, reserved 1048576K
Event: 7194.091 GC heap after
Heap after GC invocations=24 (full 3):
 PSYoungGen      total 182272K, used 28642K [0x00000000d5580000, 0x00000000e3c80000, 0x0000000100000000)
  eden space 153600K, 0% used [0x00000000d5580000,0x00000000d5580000,0x00000000deb80000)
  from space 28672K, 99% used [0x00000000e0080000,0x00000000e1c78900,0x00000000e1c80000)
  to   space 32768K, 0% used [0x00000000e1c80000,0x00000000e1c80000,0x00000000e3c80000)
 ParOldGen       total 128512K, used 83654K [0x0000000080000000, 0x0000000087d80000, 0x00000000d5580000)
  object space 128512K, 65% used [0x0000000080000000,0x00000000851b1be8,0x0000000087d80000)
 Metaspace       used 92170K, capacity 97064K, committed 97368K, reserved 1134592K
  class space    used 12093K, capacity 13082K, committed 13184K, reserved 1048576K
}
Event: 7195.174 GC heap before
{Heap before GC invocations=25 (full 3):
 PSYoungGen      total 182272K, used 51109K [0x00000000d5580000, 0x00000000e3c80000, 0x0000000100000000)
  eden space 153600K, 14% used [0x00000000d5580000,0x00000000d6b70c10,0x00000000deb80000)
  from space 28672K, 99% used [0x00000000e0080000,0x00000000e1c78900,0x00000000e1c80000)
  to   space 32768K, 0% used [0x00000000e1c80000,0x00000000e1c80000,0x00000000e3c80000)
 ParOldGen       total 128512K, used 83654K [0x0000000080000000, 0x0000000087d80000, 0x00000000d5580000)
  object space 128512K, 65% used [0x0000000080000000,0x00000000851b1be8,0x0000000087d80000)
 Metaspace       used 93261K, capacity 98140K, committed 98280K, reserved 1134592K
  class space    used 12202K, capacity 13182K, committed 13184K, reserved 1048576K
Event: 7195.224 GC heap after
Heap after GC invocations=25 (full 3):
 PSYoungGen      total 195584K, used 3463K [0x00000000d5580000, 0x00000000e6000000, 0x0000000100000000)
  eden space 162816K, 0% used [0x00000000d5580000,0x00000000d5580000,0x00000000df480000)
  from space 32768K, 10% used [0x00000000e1c80000,0x00000000e1fe1ed0,0x00000000e3c80000)
  to   space 40960K, 0% used [0x00000000df480000,0x00000000df480000,0x00000000e1c80000)
 ParOldGen       total 128512K, used 112030K [0x0000000080000000, 0x0000000087d80000, 0x00000000d5580000)
  object space 128512K, 87% used [0x0000000080000000,0x0000000086d678e0,0x0000000087d80000)
 Metaspace       used 93261K, capacity 98140K, committed 98280K, reserved 1134592K
  class space    used 12202K, capacity 13182K, committed 13184K, reserved 1048576K
}
Event: 7195.224 GC heap before
{Heap before GC invocations=26 (full 4):
 PSYoungGen      total 195584K, used 3463K [0x00000000d5580000, 0x00000000e6000000, 0x0000000100000000)
  eden space 162816K, 0% used [0x00000000d5580000,0x00000000d5580000,0x00000000df480000)
  from space 32768K, 10% used [0x00000000e1c80000,0x00000000e1fe1ed0,0x00000000e3c80000)
  to   space 40960K, 0% used [0x00000000df480000,0x00000000df480000,0x00000000e1c80000)
 ParOldGen       total 128512K, used 112030K [0x0000000080000000, 0x0000000087d80000, 0x00000000d5580000)
  object space 128512K, 87% used [0x0000000080000000,0x0000000086d678e0,0x0000000087d80000)
 Metaspace       used 93261K, capacity 98140K, committed 98280K, reserved 1134592K
  class space    used 12202K, capacity 13182K, committed 13184K, reserved 1048576K
Event: 7195.497 GC heap after
Heap after GC invocations=26 (full 4):
 PSYoungGen      total 195584K, used 0K [0x00000000d5580000, 0x00000000e6000000, 0x0000000100000000)
  eden space 162816K, 0% used [0x00000000d5580000,0x00000000d5580000,0x00000000df480000)
  from space 32768K, 0% used [0x00000000e1c80000,0x00000000e1c80000,0x00000000e3c80000)
  to   space 40960K, 0% used [0x00000000df480000,0x00000000df480000,0x00000000e1c80000)
 ParOldGen       total 205824K, used 75415K [0x0000000080000000, 0x000000008c900000, 0x00000000d5580000)
  object space 205824K, 36% used [0x0000000080000000,0x00000000849a5df0,0x000000008c900000)
 Metaspace       used 92003K, capacity 95712K, committed 98280K, reserved 1134592K
  class space    used 11931K, capacity 12690K, committed 13184K, reserved 1048576K
}

