# JRE version: OpenJDK Runtime Environment (8.0_242-b01) (build 1.8.0_242-release-1644-b01)
# Java VM: OpenJDK 64-Bit Server VM (25.242-b01 mixed mode windows-amd64 compressed oops)
Heap:
 PSYoungGen      total 188928K, used 54494K [0x00000000d5580000, 0x00000000e3b00000, 0x0000000100000000)
  eden space 142848K, 11% used [0x00000000d5580000,0x00000000d652f268,0x00000000de100000)
  from space 46080K, 83% used [0x00000000e0e00000,0x00000000e3388758,0x00000000e3b00000)
  to   space 22528K, 0% used [0x00000000de480000,0x00000000de480000,0x00000000dfa80000)
 ParOldGen       total 188416K, used 52878K [0x0000000080000000, 0x000000008b800000, 0x00000000d5580000)
  object space 188416K, 28% used [0x0000000080000000,0x00000000833a3890,0x000000008b800000)
 Metaspace       used 110379K, capacity 116828K, committed 117080K, reserved 1150976K
  class space    used 14417K, capacity 15624K, committed 15744K, reserved 1048576K
GC Heap History (10 events):
Event: 3472.415 GC heap before
{Heap before GC invocations=38 (full 4):
 PSYoungGen      total 192000K, used 151716K [0x00000000d5580000, 0x00000000e5480000, 0x0000000100000000)
  eden space 137728K, 100% used [0x00000000d5580000,0x00000000ddc00000,0x00000000ddc00000)
  from space 54272K, 25% used [0x00000000ddc00000,0x00000000de9a9108,0x00000000e1100000)
  to   space 52224K, 0% used [0x00000000e2180000,0x00000000e2180000,0x00000000e5480000)
 ParOldGen       total 188416K, used 48727K [0x0000000080000000, 0x000000008b800000, 0x00000000d5580000)
  object space 188416K, 25% used [0x0000000080000000,0x0000000082f95f78,0x000000008b800000)
 Metaspace       used 99717K, capacity 104220K, committed 105560K, reserved 1140736K
  class space    used 12989K, capacity 13908K, committed 14208K, reserved 1048576K
Event: 3472.424 GC heap after
Heap after GC invocations=38 (full 4):
 PSYoungGen      total 201728K, used 5140K [0x00000000d5580000, 0x00000000e5000000, 0x0000000100000000)
  eden space 154112K, 0% used [0x00000000d5580000,0x00000000d5580000,0x00000000dec00000)
  from space 47616K, 10% used [0x00000000e2180000,0x00000000e2685148,0x00000000e5000000)
  to   space 51200K, 0% used [0x00000000dec00000,0x00000000dec00000,0x00000000e1e00000)
 ParOldGen       total 188416K, used 52846K [0x0000000080000000, 0x000000008b800000, 0x00000000d5580000)
  object space 188416K, 28% used [0x0000000080000000,0x000000008339b890,0x000000008b800000)
 Metaspace       used 99717K, capacity 104220K, committed 105560K, reserved 1140736K
  class space    used 12989K, capacity 13908K, committed 14208K, reserved 1048576K
}
Event: 3531.516 GC heap before
{Heap before GC invocations=39 (full 4):
 PSYoungGen      total 201728K, used 159252K [0x00000000d5580000, 0x00000000e5000000, 0x0000000100000000)
  eden space 154112K, 100% used [0x00000000d5580000,0x00000000dec00000,0x00000000dec00000)
  from space 47616K, 10% used [0x00000000e2180000,0x00000000e2685148,0x00000000e5000000)
  to   space 51200K, 0% used [0x00000000dec00000,0x00000000dec00000,0x00000000e1e00000)
 ParOldGen       total 188416K, used 52846K [0x0000000080000000, 0x000000008b800000, 0x00000000d5580000)
  object space 188416K, 28% used [0x0000000080000000,0x000000008339b890,0x000000008b800000)
 Metaspace       used 100485K, capacity 105392K, committed 105816K, reserved 1140736K
  class space    used 13067K, capacity 14024K, committed 14208K, reserved 1048576K
Event: 3531.526 GC heap after
Heap after GC invocations=39 (full 4):
 PSYoungGen      total 158208K, used 8080K [0x00000000d5580000, 0x00000000e4900000, 0x0000000100000000)
  eden space 150016K, 0% used [0x00000000d5580000,0x00000000d5580000,0x00000000de800000)
  from space 8192K, 98% used [0x00000000dec00000,0x00000000df3e4030,0x00000000df400000)
  to   space 49664K, 0% used [0x00000000e1880000,0x00000000e1880000,0x00000000e4900000)
 ParOldGen       total 188416K, used 52854K [0x0000000080000000, 0x000000008b800000, 0x00000000d5580000)
  object space 188416K, 28% used [0x0000000080000000,0x000000008339d890,0x000000008b800000)
 Metaspace       used 100485K, capacity 105392K, committed 105816K, reserved 1140736K
  class space    used 13067K, capacity 14024K, committed 14208K, reserved 1048576K
}
Event: 3539.257 GC heap before
{Heap before GC invocations=40 (full 4):
 PSYoungGen      total 158208K, used 158096K [0x00000000d5580000, 0x00000000e4900000, 0x0000000100000000)
  eden space 150016K, 100% used [0x00000000d5580000,0x00000000de800000,0x00000000de800000)
  from space 8192K, 98% used [0x00000000dec00000,0x00000000df3e4030,0x00000000df400000)
  to   space 49664K, 0% used [0x00000000e1880000,0x00000000e1880000,0x00000000e4900000)
 ParOldGen       total 188416K, used 52854K [0x0000000080000000, 0x000000008b800000, 0x00000000d5580000)
  object space 188416K, 28% used [0x0000000080000000,0x000000008339d890,0x000000008b800000)
 Metaspace       used 102665K, capacity 107676K, committed 107992K, reserved 1142784K
  class space    used 13282K, capacity 14250K, committed 14336K, reserved 1048576K
Event: 3539.290 GC heap after
Heap after GC invocations=40 (full 4):
 PSYoungGen      total 187392K, used 19262K [0x00000000d5580000, 0x00000000e4080000, 0x0000000100000000)
  eden space 146432K, 0% used [0x00000000d5580000,0x00000000d5580000,0x00000000de480000)
  from space 40960K, 47% used [0x00000000e1880000,0x00000000e2b4f968,0x00000000e4080000)
  to   space 47104K, 0% used [0x00000000de480000,0x00000000de480000,0x00000000e1280000)
 ParOldGen       total 188416K, used 52862K [0x0000000080000000, 0x000000008b800000, 0x00000000d5580000)
  object space 188416K, 28% used [0x0000000080000000,0x000000008339f890,0x000000008b800000)
 Metaspace       used 102665K, capacity 107676K, committed 107992K, reserved 1142784K
  class space    used 13282K, capacity 14250K, committed 14336K, reserved 1048576K
}
Event: 3547.444 GC heap before
{Heap before GC invocations=41 (full 4):
 PSYoungGen      total 187392K, used 165694K [0x00000000d5580000, 0x00000000e4080000, 0x0000000100000000)
  eden space 146432K, 100% used [0x00000000d5580000,0x00000000de480000,0x00000000de480000)
  from space 40960K, 47% used [0x00000000e1880000,0x00000000e2b4f968,0x00000000e4080000)
  to   space 47104K, 0% used [0x00000000de480000,0x00000000de480000,0x00000000e1280000)
 ParOldGen       total 188416K, used 52862K [0x0000000080000000, 0x000000008b800000, 0x00000000d5580000)
  object space 188416K, 28% used [0x0000000080000000,0x000000008339f890,0x000000008b800000)
 Metaspace       used 109760K, capacity 116098K, committed 116440K, reserved 1150976K
  class space    used 14316K, capacity 15491K, committed 15616K, reserved 1048576K
Event: 3547.477 GC heap after
Heap after GC invocations=41 (full 4):
 PSYoungGen      total 165376K, used 22487K [0x00000000d5580000, 0x00000000e3b00000, 0x0000000100000000)
  eden space 142848K, 0% used [0x00000000d5580000,0x00000000d5580000,0x00000000de100000)
  from space 22528K, 99% used [0x00000000de480000,0x00000000dfa75cb0,0x00000000dfa80000)
  to   space 46080K, 0% used [0x00000000e0e00000,0x00000000e0e00000,0x00000000e3b00000)
 ParOldGen       total 188416K, used 52870K [0x0000000080000000, 0x000000008b800000, 0x00000000d5580000)
  object space 188416K, 28% used [0x0000000080000000,0x00000000833a1890,0x000000008b800000)
 Metaspace       used 109760K, capacity 116098K, committed 116440K, reserved 1150976K
  class space    used 14316K, capacity 15491K, committed 15616K, reserved 1048576K
}
Event: 3548.152 GC heap before
{Heap before GC invocations=42 (full 4):
 PSYoungGen      total 165376K, used 165335K [0x00000000d5580000, 0x00000000e3b00000, 0x0000000100000000)
  eden space 142848K, 100% used [0x00000000d5580000,0x00000000de100000,0x00000000de100000)
  from space 22528K, 99% used [0x00000000de480000,0x00000000dfa75cb0,0x00000000dfa80000)
  to   space 46080K, 0% used [0x00000000e0e00000,0x00000000e0e00000,0x00000000e3b00000)
 ParOldGen       total 188416K, used 52870K [0x0000000080000000, 0x000000008b800000, 0x00000000d5580000)
  object space 188416K, 28% used [0x0000000080000000,0x00000000833a1890,0x000000008b800000)
 Metaspace       used 110187K, capacity 116562K, committed 116824K, reserved 1150976K
  class space    used 14387K, capacity 15583K, committed 15744K, reserved 1048576K
Event: 3548.192 GC heap after
Heap after GC invocations=42 (full 4):
 PSYoungGen      total 188928K, used 38433K [0x00000000d5580000, 0x00000000e3b00000, 0x0000000100000000)
  eden space 142848K, 0% used [0x00000000d5580000,0x00000000d5580000,0x00000000de100000)
  from space 46080K, 83% used [0x00000000e0e00000,0x00000000e3388758,0x00000000e3b00000)
  to   space 22528K, 0% used [0x00000000de480000,0x00000000de480000,0x00000000dfa80000)
 ParOldGen       total 188416K, used 52878K [0x0000000080000000, 0x000000008b800000, 0x00000000d5580000)
  object space 188416K, 28% used [0x0000000080000000,0x00000000833a3890,0x000000008b800000)
 Metaspace       used 110187K, capacity 116562K, committed 116824K, reserved 1150976K
  class space    used 14387K, capacity 15583K, committed 15744K, reserved 1048576K
}

