# JRE version: OpenJDK Runtime Environment (8.0_242-b01) (build 1.8.0_242-release-1644-b01)
# Java VM: OpenJDK 64-Bit Server VM (25.242-b01 mixed mode windows-amd64 compressed oops)
Heap:
 PSYoungGen      total 278016K, used 159139K [0x00000000d5580000, 0x00000000ece80000, 0x0000000100000000)
  eden space 257536K, 53% used [0x00000000d5580000,0x00000000ddceddd0,0x00000000e5100000)
  from space 20480K, 99% used [0x00000000e5100000,0x00000000e64fb060,0x00000000e6500000)
  to   space 25088K, 0% used [0x00000000eb600000,0x00000000eb600000,0x00000000ece80000)
 ParOldGen       total 100864K, used 36371K [0x0000000080000000, 0x0000000086280000, 0x00000000d5580000)
  object space 100864K, 36% used [0x0000000080000000,0x0000000082384f60,0x0000000086280000)
 Metaspace       used 68956K, capacity 72434K, committed 72472K, reserved 1112064K
  class space    used 9380K, capacity 10012K, committed 10032K, reserved 1048576K
GC Heap History (10 events):
Event: 6.018 GC heap before
{Heap before GC invocations=12 (full 2):
 PSYoungGen      total 139776K, used 128512K [0x00000000d5580000, 0x00000000e2e00000, 0x0000000100000000)
  eden space 128512K, 100% used [0x00000000d5580000,0x00000000dd300000,0x00000000dd300000)
  from space 11264K, 0% used [0x00000000dd300000,0x00000000dd300000,0x00000000dde00000)
  to   space 12800K, 0% used [0x00000000e2180000,0x00000000e2180000,0x00000000e2e00000)
 ParOldGen       total 66048K, used 17574K [0x0000000080000000, 0x0000000084080000, 0x00000000d5580000)
  object space 66048K, 26% used [0x0000000080000000,0x0000000081129978,0x0000000084080000)
 Metaspace       used 39463K, capacity 41280K, committed 41512K, reserved 1085440K
  class space    used 5449K, capacity 5824K, committed 5936K, reserved 1048576K
Event: 6.026 GC heap after
Heap after GC invocations=12 (full 2):
 PSYoungGen      total 194048K, used 10042K [0x00000000d5580000, 0x00000000e2b80000, 0x0000000100000000)
  eden space 183808K, 0% used [0x00000000d5580000,0x00000000d5580000,0x00000000e0900000)
  from space 10240K, 98% used [0x00000000e2180000,0x00000000e2b4e8c0,0x00000000e2b80000)
  to   space 13312K, 0% used [0x00000000e1180000,0x00000000e1180000,0x00000000e1e80000)
 ParOldGen       total 66048K, used 17582K [0x0000000080000000, 0x0000000084080000, 0x00000000d5580000)
  object space 66048K, 26% used [0x0000000080000000,0x000000008112b978,0x0000000084080000)
 Metaspace       used 39463K, capacity 41280K, committed 41512K, reserved 1085440K
  class space    used 5449K, capacity 5824K, committed 5936K, reserved 1048576K
}
Event: 7.682 GC heap before
{Heap before GC invocations=13 (full 2):
 PSYoungGen      total 194048K, used 193850K [0x00000000d5580000, 0x00000000e2b80000, 0x0000000100000000)
  eden space 183808K, 100% used [0x00000000d5580000,0x00000000e0900000,0x00000000e0900000)
  from space 10240K, 98% used [0x00000000e2180000,0x00000000e2b4e8c0,0x00000000e2b80000)
  to   space 13312K, 0% used [0x00000000e1180000,0x00000000e1180000,0x00000000e1e80000)
 ParOldGen       total 66048K, used 17582K [0x0000000080000000, 0x0000000084080000, 0x00000000d5580000)
  object space 66048K, 26% used [0x0000000080000000,0x000000008112b978,0x0000000084080000)
 Metaspace       used 55421K, capacity 57690K, committed 58024K, reserved 1099776K
  class space    used 7554K, capacity 7997K, committed 8112K, reserved 1048576K
Event: 7.706 GC heap after
Heap after GC invocations=13 (full 2):
 PSYoungGen      total 205824K, used 13296K [0x00000000d5580000, 0x00000000e7900000, 0x0000000100000000)
  eden space 192512K, 0% used [0x00000000d5580000,0x00000000d5580000,0x00000000e1180000)
  from space 13312K, 99% used [0x00000000e1180000,0x00000000e1e7c3e8,0x00000000e1e80000)
  to   space 20480K, 0% used [0x00000000e6500000,0x00000000e6500000,0x00000000e7900000)
 ParOldGen       total 66048K, used 32535K [0x0000000080000000, 0x0000000084080000, 0x00000000d5580000)
  object space 66048K, 49% used [0x0000000080000000,0x0000000081fc5e28,0x0000000084080000)
 Metaspace       used 55421K, capacity 57690K, committed 58024K, reserved 1099776K
  class space    used 7554K, capacity 7997K, committed 8112K, reserved 1048576K
}
Event: 7.967 GC heap before
{Heap before GC invocations=14 (full 2):
 PSYoungGen      total 205824K, used 49624K [0x00000000d5580000, 0x00000000e7900000, 0x0000000100000000)
  eden space 192512K, 18% used [0x00000000d5580000,0x00000000d78f9e80,0x00000000e1180000)
  from space 13312K, 99% used [0x00000000e1180000,0x00000000e1e7c3e8,0x00000000e1e80000)
  to   space 20480K, 0% used [0x00000000e6500000,0x00000000e6500000,0x00000000e7900000)
 ParOldGen       total 66048K, used 32535K [0x0000000080000000, 0x0000000084080000, 0x00000000d5580000)
  object space 66048K, 49% used [0x0000000080000000,0x0000000081fc5e28,0x0000000084080000)
 Metaspace       used 56748K, capacity 59054K, committed 59160K, reserved 1099776K
  class space    used 7775K, capacity 8236K, committed 8240K, reserved 1048576K
Event: 7.982 GC heap after
Heap after GC invocations=14 (full 2):
 PSYoungGen      total 278016K, used 3378K [0x00000000d5580000, 0x00000000e8580000, 0x0000000100000000)
  eden space 257536K, 0% used [0x00000000d5580000,0x00000000d5580000,0x00000000e5100000)
  from space 20480K, 16% used [0x00000000e6500000,0x00000000e684c920,0x00000000e7900000)
  to   space 20480K, 0% used [0x00000000e5100000,0x00000000e5100000,0x00000000e6500000)
 ParOldGen       total 66048K, used 44446K [0x0000000080000000, 0x0000000084080000, 0x00000000d5580000)
  object space 66048K, 67% used [0x0000000080000000,0x0000000082b67b28,0x0000000084080000)
 Metaspace       used 56748K, capacity 59054K, committed 59160K, reserved 1099776K
  class space    used 7775K, capacity 8236K, committed 8240K, reserved 1048576K
}
Event: 7.982 GC heap before
{Heap before GC invocations=15 (full 3):
 PSYoungGen      total 278016K, used 3378K [0x00000000d5580000, 0x00000000e8580000, 0x0000000100000000)
  eden space 257536K, 0% used [0x00000000d5580000,0x00000000d5580000,0x00000000e5100000)
  from space 20480K, 16% used [0x00000000e6500000,0x00000000e684c920,0x00000000e7900000)
  to   space 20480K, 0% used [0x00000000e5100000,0x00000000e5100000,0x00000000e6500000)
 ParOldGen       total 66048K, used 44446K [0x0000000080000000, 0x0000000084080000, 0x00000000d5580000)
  object space 66048K, 67% used [0x0000000080000000,0x0000000082b67b28,0x0000000084080000)
 Metaspace       used 56748K, capacity 59054K, committed 59160K, reserved 1099776K
  class space    used 7775K, capacity 8236K, committed 8240K, reserved 1048576K
Event: 8.186 GC heap after
Heap after GC invocations=15 (full 3):
 PSYoungGen      total 278016K, used 0K [0x00000000d5580000, 0x00000000e8580000, 0x0000000100000000)
  eden space 257536K, 0% used [0x00000000d5580000,0x00000000d5580000,0x00000000e5100000)
  from space 20480K, 0% used [0x00000000e6500000,0x00000000e6500000,0x00000000e7900000)
  to   space 20480K, 0% used [0x00000000e5100000,0x00000000e5100000,0x00000000e6500000)
 ParOldGen       total 100864K, used 32917K [0x0000000080000000, 0x0000000086280000, 0x00000000d5580000)
  object space 100864K, 32% used [0x0000000080000000,0x0000000082025428,0x0000000086280000)
 Metaspace       used 56710K, capacity 58928K, committed 59160K, reserved 1099776K
  class space    used 7763K, capacity 8215K, committed 8240K, reserved 1048576K
}
Event: 13.375 GC heap before
{Heap before GC invocations=16 (full 3):
 PSYoungGen      total 278016K, used 257536K [0x00000000d5580000, 0x00000000e8580000, 0x0000000100000000)
  eden space 257536K, 100% used [0x00000000d5580000,0x00000000e5100000,0x00000000e5100000)
  from space 20480K, 0% used [0x00000000e6500000,0x00000000e6500000,0x00000000e7900000)
  to   space 20480K, 0% used [0x00000000e5100000,0x00000000e5100000,0x00000000e6500000)
 ParOldGen       total 100864K, used 32917K [0x0000000080000000, 0x0000000086280000, 0x00000000d5580000)
  object space 100864K, 32% used [0x0000000080000000,0x0000000082025428,0x0000000086280000)
 Metaspace       used 65222K, capacity 68568K, committed 68760K, reserved 1107968K
  class space    used 8990K, capacity 9593K, committed 9648K, reserved 1048576K
Event: 13.392 GC heap after
Heap after GC invocations=16 (full 3):
 PSYoungGen      total 278016K, used 20460K [0x00000000d5580000, 0x00000000ece80000, 0x0000000100000000)
  eden space 257536K, 0% used [0x00000000d5580000,0x00000000d5580000,0x00000000e5100000)
  from space 20480K, 99% used [0x00000000e5100000,0x00000000e64fb060,0x00000000e6500000)
  to   space 25088K, 0% used [0x00000000eb600000,0x00000000eb600000,0x00000000ece80000)
 ParOldGen       total 100864K, used 36371K [0x0000000080000000, 0x0000000086280000, 0x00000000d5580000)
  object space 100864K, 36% used [0x0000000080000000,0x0000000082384f60,0x0000000086280000)
 Metaspace       used 65222K, capacity 68568K, committed 68760K, reserved 1107968K
  class space    used 8990K, capacity 9593K, committed 9648K, reserved 1048576K
}

