# JRE version: OpenJDK Runtime Environment (8.0_242-b01) (build 1.8.0_242-release-1644-b01)
# Java VM: OpenJDK 64-Bit Server VM (25.242-b01 mixed mode windows-amd64 compressed oops)
Heap:
 PSYoungGen      total 138240K, used 56524K [0x00000000d5580000, 0x00000000e0380000, 0x0000000100000000)
  eden space 117760K, 31% used [0x00000000d5580000,0x00000000d7936dd0,0x00000000dc880000)
  from space 20480K, 97% used [0x00000000def80000,0x00000000e02fc540,0x00000000e0380000)
  to   space 18944K, 0% used [0x00000000dc880000,0x00000000dc880000,0x00000000ddb00000)
 ParOldGen       total 94208K, used 34135K [0x0000000080000000, 0x0000000085c00000, 0x00000000d5580000)
  object space 94208K, 36% used [0x0000000080000000,0x0000000082155fe8,0x0000000085c00000)
 Metaspace       used 71566K, capacity 75360K, committed 75608K, reserved 1114112K
  class space    used 9880K, capacity 10590K, committed 10624K, reserved 1048576K
GC Heap History (10 events):
Event: 15.776 GC heap before
{Heap before GC invocations=17 (full 2):
 PSYoungGen      total 109568K, used 57342K [0x00000000d5580000, 0x00000000dda00000, 0x0000000100000000)
  eden space 95232K, 45% used [0x00000000d5580000,0x00000000d7f848a8,0x00000000db280000)
  from space 14336K, 99% used [0x00000000dc400000,0x00000000dd1fb310,0x00000000dd200000)
  to   space 17920K, 0% used [0x00000000db280000,0x00000000db280000,0x00000000dc400000)
 ParOldGen       total 94208K, used 24631K [0x0000000080000000, 0x0000000085c00000, 0x00000000d5580000)
  object space 94208K, 26% used [0x0000000080000000,0x000000008180df10,0x0000000085c00000)
 Metaspace       used 56323K, capacity 58852K, committed 58968K, reserved 1099776K
  class space    used 7683K, capacity 8227K, committed 8320K, reserved 1048576K
Event: 15.791 GC heap after
Heap after GC invocations=17 (full 2):
 PSYoungGen      total 113152K, used 16810K [0x00000000d5580000, 0x00000000df680000, 0x0000000100000000)
  eden space 95232K, 0% used [0x00000000d5580000,0x00000000d5580000,0x00000000db280000)
  from space 17920K, 93% used [0x00000000db280000,0x00000000dc2eab30,0x00000000dc400000)
  to   space 19968K, 0% used [0x00000000de300000,0x00000000de300000,0x00000000df680000)
 ParOldGen       total 94208K, used 27859K [0x0000000080000000, 0x0000000085c00000, 0x00000000d5580000)
  object space 94208K, 29% used [0x0000000080000000,0x0000000081b34df0,0x0000000085c00000)
 Metaspace       used 56323K, capacity 58852K, committed 58968K, reserved 1099776K
  class space    used 7683K, capacity 8227K, committed 8320K, reserved 1048576K
}
Event: 15.791 GC heap before
{Heap before GC invocations=18 (full 3):
 PSYoungGen      total 113152K, used 16810K [0x00000000d5580000, 0x00000000df680000, 0x0000000100000000)
  eden space 95232K, 0% used [0x00000000d5580000,0x00000000d5580000,0x00000000db280000)
  from space 17920K, 93% used [0x00000000db280000,0x00000000dc2eab30,0x00000000dc400000)
  to   space 19968K, 0% used [0x00000000de300000,0x00000000de300000,0x00000000df680000)
 ParOldGen       total 94208K, used 27859K [0x0000000080000000, 0x0000000085c00000, 0x00000000d5580000)
  object space 94208K, 29% used [0x0000000080000000,0x0000000081b34df0,0x0000000085c00000)
 Metaspace       used 56323K, capacity 58852K, committed 58968K, reserved 1099776K
  class space    used 7683K, capacity 8227K, committed 8320K, reserved 1048576K
Event: 15.997 GC heap after
Heap after GC invocations=18 (full 3):
 PSYoungGen      total 113152K, used 0K [0x00000000d5580000, 0x00000000df680000, 0x0000000100000000)
  eden space 95232K, 0% used [0x00000000d5580000,0x00000000d5580000,0x00000000db280000)
  from space 17920K, 0% used [0x00000000db280000,0x00000000db280000,0x00000000dc400000)
  to   space 19968K, 0% used [0x00000000de300000,0x00000000de300000,0x00000000df680000)
 ParOldGen       total 94208K, used 34111K [0x0000000080000000, 0x0000000085c00000, 0x00000000d5580000)
  object space 94208K, 36% used [0x0000000080000000,0x000000008214ffe8,0x0000000085c00000)
 Metaspace       used 56277K, capacity 58696K, committed 58968K, reserved 1099776K
  class space    used 7669K, capacity 8201K, committed 8320K, reserved 1048576K
}
Event: 17.594 GC heap before
{Heap before GC invocations=19 (full 3):
 PSYoungGen      total 113152K, used 95232K [0x00000000d5580000, 0x00000000df680000, 0x0000000100000000)
  eden space 95232K, 100% used [0x00000000d5580000,0x00000000db280000,0x00000000db280000)
  from space 17920K, 0% used [0x00000000db280000,0x00000000db280000,0x00000000dc400000)
  to   space 19968K, 0% used [0x00000000de300000,0x00000000de300000,0x00000000df680000)
 ParOldGen       total 94208K, used 34111K [0x0000000080000000, 0x0000000085c00000, 0x00000000d5580000)
  object space 94208K, 36% used [0x0000000080000000,0x000000008214ffe8,0x0000000085c00000)
 Metaspace       used 60885K, capacity 63578K, committed 63704K, reserved 1103872K
  class space    used 8339K, capacity 8884K, committed 8960K, reserved 1048576K
Event: 17.605 GC heap after
Heap after GC invocations=19 (full 3):
 PSYoungGen      total 128512K, used 8569K [0x00000000d5580000, 0x00000000ded80000, 0x0000000100000000)
  eden space 117760K, 0% used [0x00000000d5580000,0x00000000d5580000,0x00000000dc880000)
  from space 10752K, 79% used [0x00000000de300000,0x00000000deb5e450,0x00000000ded80000)
  to   space 18944K, 0% used [0x00000000dc880000,0x00000000dc880000,0x00000000ddb00000)
 ParOldGen       total 94208K, used 34119K [0x0000000080000000, 0x0000000085c00000, 0x00000000d5580000)
  object space 94208K, 36% used [0x0000000080000000,0x0000000082151fe8,0x0000000085c00000)
 Metaspace       used 60885K, capacity 63578K, committed 63704K, reserved 1103872K
  class space    used 8339K, capacity 8884K, committed 8960K, reserved 1048576K
}
Event: 18.798 GC heap before
{Heap before GC invocations=20 (full 3):
 PSYoungGen      total 128512K, used 126329K [0x00000000d5580000, 0x00000000ded80000, 0x0000000100000000)
  eden space 117760K, 100% used [0x00000000d5580000,0x00000000dc880000,0x00000000dc880000)
  from space 10752K, 79% used [0x00000000de300000,0x00000000deb5e450,0x00000000ded80000)
  to   space 18944K, 0% used [0x00000000dc880000,0x00000000dc880000,0x00000000ddb00000)
 ParOldGen       total 94208K, used 34119K [0x0000000080000000, 0x0000000085c00000, 0x00000000d5580000)
  object space 94208K, 36% used [0x0000000080000000,0x0000000082151fe8,0x0000000085c00000)
 Metaspace       used 66983K, capacity 69968K, committed 70104K, reserved 1110016K
  class space    used 9279K, capacity 9907K, committed 9984K, reserved 1048576K
Event: 18.815 GC heap after
Heap after GC invocations=20 (full 3):
 PSYoungGen      total 136704K, used 15273K [0x00000000d5580000, 0x00000000e0380000, 0x0000000100000000)
  eden space 117760K, 0% used [0x00000000d5580000,0x00000000d5580000,0x00000000dc880000)
  from space 18944K, 80% used [0x00000000dc880000,0x00000000dd76a570,0x00000000ddb00000)
  to   space 20480K, 0% used [0x00000000def80000,0x00000000def80000,0x00000000e0380000)
 ParOldGen       total 94208K, used 34127K [0x0000000080000000, 0x0000000085c00000, 0x00000000d5580000)
  object space 94208K, 36% used [0x0000000080000000,0x0000000082153fe8,0x0000000085c00000)
 Metaspace       used 66983K, capacity 69968K, committed 70104K, reserved 1110016K
  class space    used 9279K, capacity 9907K, committed 9984K, reserved 1048576K
}
Event: 20.033 GC heap before
{Heap before GC invocations=21 (full 3):
 PSYoungGen      total 136704K, used 133033K [0x00000000d5580000, 0x00000000e0380000, 0x0000000100000000)
  eden space 117760K, 100% used [0x00000000d5580000,0x00000000dc880000,0x00000000dc880000)
  from space 18944K, 80% used [0x00000000dc880000,0x00000000dd76a570,0x00000000ddb00000)
  to   space 20480K, 0% used [0x00000000def80000,0x00000000def80000,0x00000000e0380000)
 ParOldGen       total 94208K, used 34127K [0x0000000080000000, 0x0000000085c00000, 0x00000000d5580000)
  object space 94208K, 36% used [0x0000000080000000,0x0000000082153fe8,0x0000000085c00000)
 Metaspace       used 70923K, capacity 74686K, committed 74840K, reserved 1114112K
  class space    used 9836K, capacity 10543K, committed 10624K, reserved 1048576K
Event: 20.058 GC heap after
Heap after GC invocations=21 (full 3):
 PSYoungGen      total 138240K, used 19953K [0x00000000d5580000, 0x00000000e0380000, 0x0000000100000000)
  eden space 117760K, 0% used [0x00000000d5580000,0x00000000d5580000,0x00000000dc880000)
  from space 20480K, 97% used [0x00000000def80000,0x00000000e02fc540,0x00000000e0380000)
  to   space 18944K, 0% used [0x00000000dc880000,0x00000000dc880000,0x00000000ddb00000)
 ParOldGen       total 94208K, used 34135K [0x0000000080000000, 0x0000000085c00000, 0x00000000d5580000)
  object space 94208K, 36% used [0x0000000080000000,0x0000000082155fe8,0x0000000085c00000)
 Metaspace       used 70923K, capacity 74686K, committed 74840K, reserved 1114112K
  class space    used 9836K, capacity 10543K, committed 10624K, reserved 1048576K
}

