# JRE version: OpenJDK Runtime Environment (8.0_242-b01) (build 1.8.0_242-release-1644-b01)
# Java VM: OpenJDK 64-Bit Server VM (25.242-b01 mixed mode windows-amd64 compressed oops)
Heap:
 PSYoungGen      total 250368K, used 246121K [0x00000000d5580000, 0x00000000e9a80000, 0x0000000100000000)
  eden space 227840K, 98% used [0x00000000d5580000,0x00000000e2fdb238,0x00000000e3400000)
  from space 22528K, 99% used [0x00000000e3400000,0x00000000e49ff598,0x00000000e4a00000)
  to   space 31744K, 0% used [0x00000000e7b80000,0x00000000e7b80000,0x00000000e9a80000)
 ParOldGen       total 110080K, used 64414K [0x0000000080000000, 0x0000000086b80000, 0x00000000d5580000)
  object space 110080K, 58% used [0x0000000080000000,0x0000000083ee79f0,0x0000000086b80000)
 Metaspace       used 84793K, capacity 89756K, committed 90008K, reserved 1126400K
  class space    used 11743K, capacity 12620K, committed 12720K, reserved 1048576K
GC Heap History (10 events):
Event: 22.238 GC heap before
{Heap before GC invocations=18 (full 3):
 PSYoungGen      total 159744K, used 9184K [0x00000000d5580000, 0x00000000e3a80000, 0x0000000100000000)
  eden space 141312K, 0% used [0x00000000d5580000,0x00000000d5580000,0x00000000ddf80000)
  from space 18432K, 49% used [0x00000000ddf80000,0x00000000de878000,0x00000000df180000)
  to   space 17920K, 0% used [0x00000000e2900000,0x00000000e2900000,0x00000000e3a80000)
 ParOldGen       total 74752K, used 32628K [0x0000000080000000, 0x0000000084900000, 0x00000000d5580000)
  object space 74752K, 43% used [0x0000000080000000,0x0000000081fdd268,0x0000000084900000)
 Metaspace       used 56784K, capacity 59158K, committed 59160K, reserved 1099776K
  class space    used 7782K, capacity 8240K, committed 8240K, reserved 1048576K
Event: 22.638 GC heap after
Heap after GC invocations=18 (full 3):
 PSYoungGen      total 159744K, used 0K [0x00000000d5580000, 0x00000000e3a80000, 0x0000000100000000)
  eden space 141312K, 0% used [0x00000000d5580000,0x00000000d5580000,0x00000000ddf80000)
  from space 18432K, 0% used [0x00000000ddf80000,0x00000000ddf80000,0x00000000df180000)
  to   space 17920K, 0% used [0x00000000e2900000,0x00000000e2900000,0x00000000e3a80000)
 ParOldGen       total 110080K, used 32126K [0x0000000080000000, 0x0000000086b80000, 0x00000000d5580000)
  object space 110080K, 29% used [0x0000000080000000,0x0000000081f5fb80,0x0000000086b80000)
 Metaspace       used 56740K, capacity 59008K, committed 59160K, reserved 1099776K
  class space    used 7768K, capacity 8215K, committed 8240K, reserved 1048576K
}
Event: 25.702 GC heap before
{Heap before GC invocations=19 (full 3):
 PSYoungGen      total 159744K, used 141311K [0x00000000d5580000, 0x00000000e3a80000, 0x0000000100000000)
  eden space 141312K, 99% used [0x00000000d5580000,0x00000000ddf7ffb8,0x00000000ddf80000)
  from space 18432K, 0% used [0x00000000ddf80000,0x00000000ddf80000,0x00000000df180000)
  to   space 17920K, 0% used [0x00000000e2900000,0x00000000e2900000,0x00000000e3a80000)
 ParOldGen       total 110080K, used 32126K [0x0000000080000000, 0x0000000086b80000, 0x00000000d5580000)
  object space 110080K, 29% used [0x0000000080000000,0x0000000081f5fb80,0x0000000086b80000)
 Metaspace       used 63569K, capacity 66826K, committed 67096K, reserved 1107968K
  class space    used 8841K, capacity 9456K, committed 9520K, reserved 1048576K
Event: 25.721 GC heap after
Heap after GC invocations=19 (full 3):
 PSYoungGen      total 204288K, used 13266K [0x00000000d5580000, 0x00000000e3600000, 0x0000000100000000)
  eden space 190976K, 0% used [0x00000000d5580000,0x00000000d5580000,0x00000000e1000000)
  from space 13312K, 99% used [0x00000000e2900000,0x00000000e35f4940,0x00000000e3600000)
  to   space 18944K, 0% used [0x00000000e1100000,0x00000000e1100000,0x00000000e2380000)
 ParOldGen       total 110080K, used 32134K [0x0000000080000000, 0x0000000086b80000, 0x00000000d5580000)
  object space 110080K, 29% used [0x0000000080000000,0x0000000081f61b80,0x0000000086b80000)
 Metaspace       used 63569K, capacity 66826K, committed 67096K, reserved 1107968K
  class space    used 8841K, capacity 9456K, committed 9520K, reserved 1048576K
}
Event: 30.131 GC heap before
{Heap before GC invocations=20 (full 3):
 PSYoungGen      total 204288K, used 204242K [0x00000000d5580000, 0x00000000e3600000, 0x0000000100000000)
  eden space 190976K, 100% used [0x00000000d5580000,0x00000000e1000000,0x00000000e1000000)
  from space 13312K, 99% used [0x00000000e2900000,0x00000000e35f4940,0x00000000e3600000)
  to   space 18944K, 0% used [0x00000000e1100000,0x00000000e1100000,0x00000000e2380000)
 ParOldGen       total 110080K, used 32134K [0x0000000080000000, 0x0000000086b80000, 0x00000000d5580000)
  object space 110080K, 29% used [0x0000000080000000,0x0000000081f61b80,0x0000000086b80000)
 Metaspace       used 68648K, capacity 72150K, committed 72344K, reserved 1112064K
  class space    used 9415K, capacity 10052K, committed 10160K, reserved 1048576K
Event: 30.158 GC heap after
Heap after GC invocations=20 (full 3):
 PSYoungGen      total 210944K, used 13096K [0x00000000d5580000, 0x00000000e5d00000, 0x0000000100000000)
  eden space 192000K, 0% used [0x00000000d5580000,0x00000000d5580000,0x00000000e1100000)
  from space 18944K, 69% used [0x00000000e1100000,0x00000000e1dca120,0x00000000e2380000)
  to   space 19456K, 0% used [0x00000000e4a00000,0x00000000e4a00000,0x00000000e5d00000)
 ParOldGen       total 110080K, used 40197K [0x0000000080000000, 0x0000000086b80000, 0x00000000d5580000)
  object space 110080K, 36% used [0x0000000080000000,0x00000000827417a0,0x0000000086b80000)
 Metaspace       used 68648K, capacity 72150K, committed 72344K, reserved 1112064K
  class space    used 9415K, capacity 10052K, committed 10160K, reserved 1048576K
}
Event: 33.569 GC heap before
{Heap before GC invocations=21 (full 3):
 PSYoungGen      total 210944K, used 205092K [0x00000000d5580000, 0x00000000e5d00000, 0x0000000100000000)
  eden space 192000K, 99% used [0x00000000d5580000,0x00000000e10ff248,0x00000000e1100000)
  from space 18944K, 69% used [0x00000000e1100000,0x00000000e1dca120,0x00000000e2380000)
  to   space 19456K, 0% used [0x00000000e4a00000,0x00000000e4a00000,0x00000000e5d00000)
 ParOldGen       total 110080K, used 40197K [0x0000000080000000, 0x0000000086b80000, 0x00000000d5580000)
  object space 110080K, 36% used [0x0000000080000000,0x00000000827417a0,0x0000000086b80000)
 Metaspace       used 75333K, capacity 79138K, committed 79384K, reserved 1118208K
  class space    used 10245K, capacity 10947K, committed 11056K, reserved 1048576K
Event: 33.613 GC heap after
Heap after GC invocations=21 (full 3):
 PSYoungGen      total 247296K, used 19083K [0x00000000d5580000, 0x00000000e6080000, 0x0000000100000000)
  eden space 227840K, 0% used [0x00000000d5580000,0x00000000d5580000,0x00000000e3400000)
  from space 19456K, 98% used [0x00000000e4a00000,0x00000000e5ca2d20,0x00000000e5d00000)
  to   space 22528K, 0% used [0x00000000e3400000,0x00000000e3400000,0x00000000e4a00000)
 ParOldGen       total 110080K, used 48289K [0x0000000080000000, 0x0000000086b80000, 0x00000000d5580000)
  object space 110080K, 43% used [0x0000000080000000,0x0000000082f28708,0x0000000086b80000)
 Metaspace       used 75333K, capacity 79138K, committed 79384K, reserved 1118208K
  class space    used 10245K, capacity 10947K, committed 11056K, reserved 1048576K
}
Event: 36.133 GC heap before
{Heap before GC invocations=22 (full 3):
 PSYoungGen      total 247296K, used 246923K [0x00000000d5580000, 0x00000000e6080000, 0x0000000100000000)
  eden space 227840K, 100% used [0x00000000d5580000,0x00000000e3400000,0x00000000e3400000)
  from space 19456K, 98% used [0x00000000e4a00000,0x00000000e5ca2d20,0x00000000e5d00000)
  to   space 22528K, 0% used [0x00000000e3400000,0x00000000e3400000,0x00000000e4a00000)
 ParOldGen       total 110080K, used 48289K [0x0000000080000000, 0x0000000086b80000, 0x00000000d5580000)
  object space 110080K, 43% used [0x0000000080000000,0x0000000082f28708,0x0000000086b80000)
 Metaspace       used 83145K, capacity 87848K, committed 87960K, reserved 1124352K
  class space    used 11486K, capacity 12364K, committed 12464K, reserved 1048576K
Event: 36.192 GC heap after
Heap after GC invocations=22 (full 3):
 PSYoungGen      total 250368K, used 22525K [0x00000000d5580000, 0x00000000e9a80000, 0x0000000100000000)
  eden space 227840K, 0% used [0x00000000d5580000,0x00000000d5580000,0x00000000e3400000)
  from space 22528K, 99% used [0x00000000e3400000,0x00000000e49ff598,0x00000000e4a00000)
  to   space 31744K, 0% used [0x00000000e7b80000,0x00000000e7b80000,0x00000000e9a80000)
 ParOldGen       total 110080K, used 64414K [0x0000000080000000, 0x0000000086b80000, 0x00000000d5580000)
  object space 110080K, 58% used [0x0000000080000000,0x0000000083ee79f0,0x0000000086b80000)
 Metaspace       used 83145K, capacity 87848K, committed 87960K, reserved 1124352K
  class space    used 11486K, capacity 12364K, committed 12464K, reserved 1048576K
}

